
Recovery Manager: Release 12.1.0.1.0 - Production on Thu Jul 12 08:30:02 2018

Copyright (c) 1982, 2013, Oracle and/or its affiliates.  All rights reserved.

connected to target database: TSTCDB (DBID=2875423170)

RMAN> RUN {
2> convert from platform 'AIX-Based Systems (64-bit)' datafile
3> '/u01/app/oracle/backup/aix_files/dwhdat01.dbf',
4> '/u01/app/oracle/backup/aix_files/fnddat01.dbf',
5> '/u01/app/oracle/backup/aix_files/fnddat02.dbf',
6> '/u01/app/oracle/backup/aix_files/fnddat03.dbf',
7> '/u01/app/oracle/backup/aix_files/fnddat04.dbf',
8> '/u01/app/oracle/backup/aix_files/fnddat05.dbf',
9> '/u01/app/oracle/backup/aix_files/fnddat06.dbf',
10> '/u01/app/oracle/backup/aix_files/fndidx01.dbf',
11> '/u01/app/oracle/backup/aix_files/fndidx02.dbf',
12> '/u01/app/oracle/backup/aix_files/fndidx03.dbf',
13> '/u01/app/oracle/backup/aix_files/fndidx04.dbf',
14> '/u01/app/oracle/backup/aix_files/usrdat01.dbf',
15> '/u01/app/oracle/backup/aix_files/usrdat02.dbf',
16> '/u01/app/oracle/backup/aix_files/webdat01.dbf',
17> '/u01/app/oracle/backup/aix_files/arhdat01.dbf',
18> '/u01/app/oracle/backup/aix_files/mdmdat01.dbf',
19> '/u01/app/oracle/backup/aix_files/opsdat01.dbf',
20> '/u01/app/oracle/backup/aix_files/infdat01.dbf',
21> '/u01/app/oracle/backup/aix_files/infdat02.dbf',
22> '/u01/app/oracle/backup/aix_files/infdat03.dbf',
23> '/u01/app/oracle/backup/aix_files/gf_idx01.dbf',
24> '/u01/app/oracle/backup/aix_files/gf_idx02.dbf',
25> '/u01/app/oracle/backup/aix_files/gf_idx03.dbf',
26> '/u01/app/oracle/backup/aix_files/gf_idx04.dbf',
27> '/u01/app/oracle/backup/aix_files/gf_idx05.dbf',
28> '/u01/app/oracle/backup/aix_files/gf_idx06.dbf',
29> '/u01/app/oracle/backup/aix_files/ctxdat01.dbf',
30> '/u01/app/oracle/backup/aix_files/mdmdat02.dbf',
31> '/u01/app/oracle/backup/aix_files/fiasdat01.dbf',
32> '/u01/app/oracle/backup/aix_files/gf2dat01.dbf',
33> '/u01/app/oracle/backup/aix_files/gf2dat02.dbf',
34> '/u01/app/oracle/backup/aix_files/gfpndat01.dbf',
35> '/u01/app/oracle/backup/aix_files/gfpndat02.dbf',
36> '/u01/app/oracle/backup/aix_files/gfpndat03.dbf',
37> '/u01/app/oracle/backup/aix_files/gfpnidx01.dbf',
38> '/u01/app/oracle/backup/aix_files/gfpnidx02.dbf',
39> '/u01/app/oracle/backup/aix_files/gfpnidx03.dbf',
40> '/u01/app/oracle/backup/aix_files/smppdat01.dbf',
41> '/u01/app/oracle/backup/aix_files/etldat01.dbf',
42> '/u01/app/oracle/backup/aix_files/etldat02.dbf',
43> '/u01/app/oracle/backup/aix_files/etlidx01.dbf'
44> db_file_name_convert '/u01/app/oracle/backup/aix_files/', '/u01/app/oracle/oradata/weekly/WEEKLY_NODE/datafile/' parallelism 5;
45> }
46> 
Starting conversion at target at 12-JUL-18
using target database control file instead of recovery catalog
allocated channel: ORA_DISK_1
channel ORA_DISK_1: SID=1277 device type=DISK
allocated channel: ORA_DISK_2
channel ORA_DISK_2: SID=267 device type=DISK
allocated channel: ORA_DISK_3
channel ORA_DISK_3: SID=517 device type=DISK
allocated channel: ORA_DISK_4
channel ORA_DISK_4: SID=774 device type=DISK
allocated channel: ORA_DISK_5
channel ORA_DISK_5: SID=1024 device type=DISK
channel ORA_DISK_1: starting datafile conversion
input file name=/u01/app/oracle/backup/aix_files/infdat01.dbf
channel ORA_DISK_2: starting datafile conversion
input file name=/u01/app/oracle/backup/aix_files/infdat02.dbf
channel ORA_DISK_3: starting datafile conversion
input file name=/u01/app/oracle/backup/aix_files/fndidx04.dbf
channel ORA_DISK_4: starting datafile conversion
input file name=/u01/app/oracle/backup/aix_files/gf2dat01.dbf
channel ORA_DISK_5: starting datafile conversion
input file name=/u01/app/oracle/backup/aix_files/gf2dat02.dbf
converted datafile=/u01/app/oracle/oradata/weekly/WEEKLY_NODE/datafile/fndidx04.dbf
channel ORA_DISK_3: datafile conversion complete, elapsed time: 00:58:26
channel ORA_DISK_3: starting datafile conversion
input file name=/u01/app/oracle/backup/aix_files/gfpndat01.dbf
converted datafile=/u01/app/oracle/oradata/weekly/WEEKLY_NODE/datafile/gf2dat02.dbf
channel ORA_DISK_5: datafile conversion complete, elapsed time: 00:58:32
channel ORA_DISK_5: starting datafile conversion
input file name=/u01/app/oracle/backup/aix_files/gfpndat02.dbf
converted datafile=/u01/app/oracle/oradata/weekly/WEEKLY_NODE/datafile/gf2dat01.dbf
channel ORA_DISK_4: datafile conversion complete, elapsed time: 00:59:10
channel ORA_DISK_4: starting datafile conversion
input file name=/u01/app/oracle/backup/aix_files/gfpndat03.dbf
converted datafile=/u01/app/oracle/oradata/weekly/WEEKLY_NODE/datafile/infdat02.dbf
channel ORA_DISK_2: datafile conversion complete, elapsed time: 01:13:09
channel ORA_DISK_2: starting datafile conversion
input file name=/u01/app/oracle/backup/aix_files/gfpnidx01.dbf
converted datafile=/u01/app/oracle/oradata/weekly/WEEKLY_NODE/datafile/infdat01.dbf
channel ORA_DISK_1: datafile conversion complete, elapsed time: 01:13:46
channel ORA_DISK_1: starting datafile conversion
input file name=/u01/app/oracle/backup/aix_files/gfpnidx02.dbf
converted datafile=/u01/app/oracle/oradata/weekly/WEEKLY_NODE/datafile/gfpndat01.dbf
channel ORA_DISK_3: datafile conversion complete, elapsed time: 00:56:37
channel ORA_DISK_3: starting datafile conversion
input file name=/u01/app/oracle/backup/aix_files/gfpnidx03.dbf
converted datafile=/u01/app/oracle/oradata/weekly/WEEKLY_NODE/datafile/gfpndat02.dbf
channel ORA_DISK_5: datafile conversion complete, elapsed time: 00:58:19
channel ORA_DISK_5: starting datafile conversion
input file name=/u01/app/oracle/backup/aix_files/etldat01.dbf
converted datafile=/u01/app/oracle/oradata/weekly/WEEKLY_NODE/datafile/gfpndat03.dbf
channel ORA_DISK_4: datafile conversion complete, elapsed time: 00:59:38
channel ORA_DISK_4: starting datafile conversion
input file name=/u01/app/oracle/backup/aix_files/arhdat01.dbf
converted datafile=/u01/app/oracle/oradata/weekly/WEEKLY_NODE/datafile/gfpnidx01.dbf
channel ORA_DISK_2: datafile conversion complete, elapsed time: 00:56:39
channel ORA_DISK_2: starting datafile conversion
input file name=/u01/app/oracle/backup/aix_files/infdat03.dbf
converted datafile=/u01/app/oracle/oradata/weekly/WEEKLY_NODE/datafile/gfpnidx02.dbf
channel ORA_DISK_1: datafile conversion complete, elapsed time: 00:57:08
channel ORA_DISK_1: starting datafile conversion
input file name=/u01/app/oracle/backup/aix_files/mdmdat01.dbf
converted datafile=/u01/app/oracle/oradata/weekly/WEEKLY_NODE/datafile/arhdat01.dbf
channel ORA_DISK_4: datafile conversion complete, elapsed time: 00:44:42
channel ORA_DISK_4: starting datafile conversion
input file name=/u01/app/oracle/backup/aix_files/fnddat03.dbf
converted datafile=/u01/app/oracle/oradata/weekly/WEEKLY_NODE/datafile/mdmdat01.dbf
channel ORA_DISK_1: datafile conversion complete, elapsed time: 00:36:35
channel ORA_DISK_1: starting datafile conversion
input file name=/u01/app/oracle/backup/aix_files/fnddat04.dbf
converted datafile=/u01/app/oracle/oradata/weekly/WEEKLY_NODE/datafile/infdat03.dbf
channel ORA_DISK_2: datafile conversion complete, elapsed time: 00:42:43
channel ORA_DISK_2: starting datafile conversion
input file name=/u01/app/oracle/backup/aix_files/fnddat05.dbf
converted datafile=/u01/app/oracle/oradata/weekly/WEEKLY_NODE/datafile/gfpnidx03.dbf
channel ORA_DISK_3: datafile conversion complete, elapsed time: 01:00:48
channel ORA_DISK_3: starting datafile conversion
input file name=/u01/app/oracle/backup/aix_files/fnddat06.dbf
converted datafile=/u01/app/oracle/oradata/weekly/WEEKLY_NODE/datafile/etldat01.dbf
channel ORA_DISK_5: datafile conversion complete, elapsed time: 00:59:05
channel ORA_DISK_5: starting datafile conversion
input file name=/u01/app/oracle/backup/aix_files/usrdat02.dbf
converted datafile=/u01/app/oracle/oradata/weekly/WEEKLY_NODE/datafile/fnddat03.dbf
channel ORA_DISK_4: datafile conversion complete, elapsed time: 00:27:17
channel ORA_DISK_4: starting datafile conversion
input file name=/u01/app/oracle/backup/aix_files/mdmdat02.dbf
converted datafile=/u01/app/oracle/oradata/weekly/WEEKLY_NODE/datafile/fnddat04.dbf
channel ORA_DISK_1: datafile conversion complete, elapsed time: 00:28:07
channel ORA_DISK_1: starting datafile conversion
input file name=/u01/app/oracle/backup/aix_files/etldat02.dbf
converted datafile=/u01/app/oracle/oradata/weekly/WEEKLY_NODE/datafile/fnddat05.dbf
channel ORA_DISK_2: datafile conversion complete, elapsed time: 00:27:43
channel ORA_DISK_2: starting datafile conversion
input file name=/u01/app/oracle/backup/aix_files/opsdat01.dbf
converted datafile=/u01/app/oracle/oradata/weekly/WEEKLY_NODE/datafile/usrdat02.dbf
channel ORA_DISK_5: datafile conversion complete, elapsed time: 00:26:39
channel ORA_DISK_5: starting datafile conversion
input file name=/u01/app/oracle/backup/aix_files/dwhdat01.dbf
converted datafile=/u01/app/oracle/oradata/weekly/WEEKLY_NODE/datafile/fnddat06.dbf
channel ORA_DISK_3: datafile conversion complete, elapsed time: 00:27:20
channel ORA_DISK_3: starting datafile conversion
input file name=/u01/app/oracle/backup/aix_files/fnddat01.dbf
converted datafile=/u01/app/oracle/oradata/weekly/WEEKLY_NODE/datafile/mdmdat02.dbf
channel ORA_DISK_4: datafile conversion complete, elapsed time: 00:25:28
channel ORA_DISK_4: starting datafile conversion
input file name=/u01/app/oracle/backup/aix_files/fnddat02.dbf
converted datafile=/u01/app/oracle/oradata/weekly/WEEKLY_NODE/datafile/dwhdat01.dbf
channel ORA_DISK_5: datafile conversion complete, elapsed time: 00:13:46
channel ORA_DISK_5: starting datafile conversion
input file name=/u01/app/oracle/backup/aix_files/fndidx01.dbf
converted datafile=/u01/app/oracle/oradata/weekly/WEEKLY_NODE/datafile/fnddat01.dbf
channel ORA_DISK_3: datafile conversion complete, elapsed time: 00:13:36
channel ORA_DISK_3: starting datafile conversion
input file name=/u01/app/oracle/backup/aix_files/fndidx02.dbf
converted datafile=/u01/app/oracle/oradata/weekly/WEEKLY_NODE/datafile/opsdat01.dbf
channel ORA_DISK_2: datafile conversion complete, elapsed time: 00:20:01
channel ORA_DISK_2: starting datafile conversion
input file name=/u01/app/oracle/backup/aix_files/fndidx03.dbf
converted datafile=/u01/app/oracle/oradata/weekly/WEEKLY_NODE/datafile/etldat02.dbf
channel ORA_DISK_1: datafile conversion complete, elapsed time: 00:27:56
channel ORA_DISK_1: starting datafile conversion
input file name=/u01/app/oracle/backup/aix_files/usrdat01.dbf
converted datafile=/u01/app/oracle/oradata/weekly/WEEKLY_NODE/datafile/fndidx01.dbf
channel ORA_DISK_5: datafile conversion complete, elapsed time: 00:13:10
channel ORA_DISK_5: starting datafile conversion
input file name=/u01/app/oracle/backup/aix_files/gf_idx01.dbf
converted datafile=/u01/app/oracle/oradata/weekly/WEEKLY_NODE/datafile/fnddat02.dbf
channel ORA_DISK_4: datafile conversion complete, elapsed time: 00:13:30
channel ORA_DISK_4: starting datafile conversion
input file name=/u01/app/oracle/backup/aix_files/gf_idx02.dbf
converted datafile=/u01/app/oracle/oradata/weekly/WEEKLY_NODE/datafile/fndidx02.dbf
channel ORA_DISK_3: datafile conversion complete, elapsed time: 00:13:26
channel ORA_DISK_3: starting datafile conversion
input file name=/u01/app/oracle/backup/aix_files/gf_idx03.dbf
converted datafile=/u01/app/oracle/oradata/weekly/WEEKLY_NODE/datafile/fndidx03.dbf
channel ORA_DISK_2: datafile conversion complete, elapsed time: 00:12:47
channel ORA_DISK_2: starting datafile conversion
input file name=/u01/app/oracle/backup/aix_files/gf_idx04.dbf
converted datafile=/u01/app/oracle/oradata/weekly/WEEKLY_NODE/datafile/usrdat01.dbf
channel ORA_DISK_1: datafile conversion complete, elapsed time: 00:13:06
channel ORA_DISK_1: starting datafile conversion
input file name=/u01/app/oracle/backup/aix_files/gf_idx05.dbf
converted datafile=/u01/app/oracle/oradata/weekly/WEEKLY_NODE/datafile/gf_idx02.dbf
channel ORA_DISK_4: datafile conversion complete, elapsed time: 00:12:19
channel ORA_DISK_4: starting datafile conversion
input file name=/u01/app/oracle/backup/aix_files/gf_idx06.dbf
converted datafile=/u01/app/oracle/oradata/weekly/WEEKLY_NODE/datafile/gf_idx01.dbf
channel ORA_DISK_5: datafile conversion complete, elapsed time: 00:13:03
channel ORA_DISK_5: starting datafile conversion
input file name=/u01/app/oracle/backup/aix_files/ctxdat01.dbf
converted datafile=/u01/app/oracle/oradata/weekly/WEEKLY_NODE/datafile/gf_idx03.dbf
channel ORA_DISK_3: datafile conversion complete, elapsed time: 00:13:18
channel ORA_DISK_3: starting datafile conversion
input file name=/u01/app/oracle/backup/aix_files/fiasdat01.dbf
converted datafile=/u01/app/oracle/oradata/weekly/WEEKLY_NODE/datafile/gf_idx04.dbf
channel ORA_DISK_2: datafile conversion complete, elapsed time: 00:12:28
channel ORA_DISK_2: starting datafile conversion
input file name=/u01/app/oracle/backup/aix_files/smppdat01.dbf
converted datafile=/u01/app/oracle/oradata/weekly/WEEKLY_NODE/datafile/gf_idx05.dbf
channel ORA_DISK_1: datafile conversion complete, elapsed time: 00:13:38
channel ORA_DISK_1: starting datafile conversion
input file name=/u01/app/oracle/backup/aix_files/etlidx01.dbf
converted datafile=/u01/app/oracle/oradata/weekly/WEEKLY_NODE/datafile/gf_idx06.dbf
channel ORA_DISK_4: datafile conversion complete, elapsed time: 00:12:49
channel ORA_DISK_4: starting datafile conversion
input file name=/u01/app/oracle/backup/aix_files/webdat01.dbf
converted datafile=/u01/app/oracle/oradata/weekly/WEEKLY_NODE/datafile/fiasdat01.dbf
channel ORA_DISK_3: datafile conversion complete, elapsed time: 00:13:00
converted datafile=/u01/app/oracle/oradata/weekly/WEEKLY_NODE/datafile/ctxdat01.dbf
channel ORA_DISK_5: datafile conversion complete, elapsed time: 00:13:58
converted datafile=/u01/app/oracle/oradata/weekly/WEEKLY_NODE/datafile/webdat01.dbf
channel ORA_DISK_4: datafile conversion complete, elapsed time: 00:02:15
converted datafile=/u01/app/oracle/oradata/weekly/WEEKLY_NODE/datafile/smppdat01.dbf
channel ORA_DISK_2: datafile conversion complete, elapsed time: 00:12:02
converted datafile=/u01/app/oracle/oradata/weekly/WEEKLY_NODE/datafile/etlidx01.dbf
channel ORA_DISK_1: datafile conversion complete, elapsed time: 00:08:03
Finished conversion at target at 12-JUL-18

Recovery Manager complete.
