
Recovery Manager: Release 12.1.0.1.0 - Production on Tue Jul 17 02:11:39 2018

Copyright (c) 1982, 2013, Oracle and/or its affiliates.  All rights reserved.

connected to target database: TSTCDB (DBID=2875423170)

RMAN> RUN {
2> convert from platform 'AIX-Based Systems (64-bit)' datafile
3> '/u01/app/oracle/backup/aix_files/dwhdat01.dbf',
4> '/u01/app/oracle/backup/aix_files/fnddat01.dbf',
5> '/u01/app/oracle/backup/aix_files/fnddat02.dbf',
6> '/u01/app/oracle/backup/aix_files/fnddat03.dbf',
7> '/u01/app/oracle/backup/aix_files/fnddat04.dbf',
8> '/u01/app/oracle/backup/aix_files/fnddat05.dbf',
9> '/u01/app/oracle/backup/aix_files/fnddat06.dbf',
10> '/u01/app/oracle/backup/aix_files/fndidx01.dbf',
11> '/u01/app/oracle/backup/aix_files/fndidx02.dbf',
12> '/u01/app/oracle/backup/aix_files/fndidx03.dbf',
13> '/u01/app/oracle/backup/aix_files/fndidx04.dbf',
14> '/u01/app/oracle/backup/aix_files/usrdat01.dbf',
15> '/u01/app/oracle/backup/aix_files/usrdat02.dbf',
16> '/u01/app/oracle/backup/aix_files/webdat01.dbf',
17> '/u01/app/oracle/backup/aix_files/arhdat01.dbf',
18> '/u01/app/oracle/backup/aix_files/mdmdat01.dbf',
19> '/u01/app/oracle/backup/aix_files/opsdat01.dbf',
20> '/u01/app/oracle/backup/aix_files/infdat01.dbf',
21> '/u01/app/oracle/backup/aix_files/infdat02.dbf',
22> '/u01/app/oracle/backup/aix_files/infdat03.dbf',
23> '/u01/app/oracle/backup/aix_files/gf_idx01.dbf',
24> '/u01/app/oracle/backup/aix_files/gf_idx02.dbf',
25> '/u01/app/oracle/backup/aix_files/gf_idx03.dbf',
26> '/u01/app/oracle/backup/aix_files/gf_idx04.dbf',
27> '/u01/app/oracle/backup/aix_files/gf_idx05.dbf',
28> '/u01/app/oracle/backup/aix_files/gf_idx06.dbf',
29> '/u01/app/oracle/backup/aix_files/ctxdat01.dbf',
30> '/u01/app/oracle/backup/aix_files/mdmdat02.dbf',
31> '/u01/app/oracle/backup/aix_files/fiasdat01.dbf',
32> '/u01/app/oracle/backup/aix_files/gf2dat01.dbf',
33> '/u01/app/oracle/backup/aix_files/gf2dat02.dbf',
34> '/u01/app/oracle/backup/aix_files/gfpndat01.dbf',
35> '/u01/app/oracle/backup/aix_files/gfpndat02.dbf',
36> '/u01/app/oracle/backup/aix_files/gfpndat03.dbf',
37> '/u01/app/oracle/backup/aix_files/gfpnidx01.dbf',
38> '/u01/app/oracle/backup/aix_files/gfpnidx02.dbf',
39> '/u01/app/oracle/backup/aix_files/gfpnidx03.dbf',
40> '/u01/app/oracle/backup/aix_files/smppdat01.dbf',
41> '/u01/app/oracle/backup/aix_files/etldat01.dbf',
42> '/u01/app/oracle/backup/aix_files/etldat02.dbf',
43> '/u01/app/oracle/backup/aix_files/etlidx01.dbf'
44> db_file_name_convert '/u01/app/oracle/backup/aix_files/', '/u01/app/oracle/oradata/weekly/WEEKLY_NODE/datafile/' parallelism 5;
45> }
46> 
Starting conversion at target at 17-JUL-18
using target database control file instead of recovery catalog
allocated channel: ORA_DISK_1
channel ORA_DISK_1: SID=788 device type=DISK
allocated channel: ORA_DISK_2
channel ORA_DISK_2: SID=1026 device type=DISK
allocated channel: ORA_DISK_3
channel ORA_DISK_3: SID=786 device type=DISK
allocated channel: ORA_DISK_4
channel ORA_DISK_4: SID=1023 device type=DISK
allocated channel: ORA_DISK_5
channel ORA_DISK_5: SID=1278 device type=DISK
channel ORA_DISK_1: starting datafile conversion
input file name=/u01/app/oracle/backup/aix_files/infdat01.dbf
channel ORA_DISK_2: starting datafile conversion
input file name=/u01/app/oracle/backup/aix_files/infdat02.dbf
channel ORA_DISK_3: starting datafile conversion
input file name=/u01/app/oracle/backup/aix_files/fndidx04.dbf
channel ORA_DISK_4: starting datafile conversion
input file name=/u01/app/oracle/backup/aix_files/gf2dat01.dbf
channel ORA_DISK_5: starting datafile conversion
input file name=/u01/app/oracle/backup/aix_files/gf2dat02.dbf
RMAN-00571: ===========================================================
RMAN-00569: =============== ERROR MESSAGE STACK FOLLOWS ===============
RMAN-00571: ===========================================================
RMAN-03009: failure of conversion at target command on ORA_DISK_1 channel at 07/17/2018 02:11:48
ORA-19504: failed to create file "/u01/app/oracle/oradata/weekly/WEEKLY_NODE/datafile/infdat01.dbf"
ORA-27038: created file already exists
Additional information: 1

Recovery Manager complete.
