Start create duplicate datebase
Target DB:WEEKLY_NODE
Copy files start at Sat Sep 1 16:30:02 MSK 2018
Recreate NODE WEEKLY_NODE atSat Sep 1 21:36:28 MSK 2018
Drop node WEEKLY_NODE, at Sat Sep 1 21:36:28 MSK 2018

SQL*Plus: Release 12.1.0.1.0 Production on Sat Sep 1 21:36:30 2018

Copyright (c) 1982, 2013, Oracle.  All rights reserved.


Connected to:
Oracle Database 12c Enterprise Edition Release 12.1.0.1.0 - 64bit Production
With the Partitioning, OLAP, Advanced Analytics and Real Application Testing options

old   2:   l_node_name varchar2(50) := '&1';
new   2:   l_node_name varchar2(50) := 'WEEKLY_NODE';
Node: WEEKLY_NODE

PL/SQL procedure successfully completed.

Disconnected from Oracle Database 12c Enterprise Edition Release 12.1.0.1.0 - 64bit Production
With the Partitioning, OLAP, Advanced Analytics and Real Application Testing options
Stop PDB Daemon at Sat Sep 1 21:37:28 MSK 2018

SQL*Plus: Release 12.1.0.1.0 Production on Sat Sep 1 21:37:28 2018

Copyright (c) 1982, 2013, Oracle.  All rights reserved.

Connected.

PL/SQL procedure successfully completed.

Disconnected from Oracle Database 12c Enterprise Edition Release 12.1.0.1.0 - 64bit Production
With the Partitioning, OLAP, Advanced Analytics and Real Application Testing options
Restart TSTCDB at Sat Sep 1 21:37:38 MSK 2018

SQL*Plus: Release 12.1.0.1.0 Production on Sat Sep 1 21:37:38 2018

Copyright (c) 1982, 2013, Oracle.  All rights reserved.


Connected to:
Oracle Database 12c Enterprise Edition Release 12.1.0.1.0 - 64bit Production
With the Partitioning, OLAP, Advanced Analytics and Real Application Testing options

Database closed.
Database dismounted.
ORACLE instance shut down.

ORACLE instance started.

Total System Global Area 1.7103E+10 bytes
Fixed Size		    2702112 bytes
Variable Size		 9898558688 bytes
Database Buffers	 7180648448 bytes
Redo Buffers		   21254144 bytes
Database mounted.
Database opened.

Pluggable database altered.

Connected.

PL/SQL procedure successfully completed.

Disconnected from Oracle Database 12c Enterprise Edition Release 12.1.0.1.0 - 64bit Production
With the Partitioning, OLAP, Advanced Analytics and Real Application Testing options
Start PDB Daemon at Sat Sep 1 22:09:33 MSK 2018
Create source node WEEKLY_NODE, at Sat Sep 1 22:09:33 MSK 2018

SQL*Plus: Release 12.1.0.1.0 Production on Sat Sep 1 22:09:33 2018

Copyright (c) 1982, 2013, Oracle.  All rights reserved.


SQL*Plus: Release 12.1.0.1.0 Production on Sat Sep 1 22:09:33 2018

Copyright (c) 1982, 2013, Oracle.  All rights reserved.


Connected to:
Oracle Database 12c Enterprise Edition Release 12.1.0.1.0 - 64bit Production
With the Partitioning, OLAP, Advanced Analytics and Real Application Testing options


Connected.

Pluggable database created.


Pluggable database altered.


Session altered.


Database altered.


Database altered.


Database altered.


Database altered.

Connected.

Directory created.

Disconnected from Oracle Database 12c Enterprise Edition Release 12.1.0.1.0 - 64bit Production
With the Partitioning, OLAP, Advanced Analytics and Real Application Testing options
Recreate complete at Sat Sep 1 22:10:32 MSK 2018
Convert start at Sat Sep 1 22:10:32 MSK 2018
RMAN> 2> 3> 4> 5> 6> 7> 8> 9> 10> 11> 12> 13> 14> 15> 16> 17> 18> 19> 20> 21> 22> 23> 24> 25> 26> 27> 28> 29> 30> 31> 32> 33> 34> 35> 36> 37> 38> 39> 40> 41> 42> 43> 44> 45> 46> Import start at Sun Sep 2 02:30:35 MSK 2018
Post import start at Sun Sep 2 09:22:23 MSK 2018

SQL*Plus: Release 12.1.0.1.0 Production on Sun Sep 2 09:22:25 2018

Copyright (c) 1982, 2013, Oracle.  All rights reserved.


Connected to:
Oracle Database 12c Enterprise Edition Release 12.1.0.1.0 - 64bit Production
With the Partitioning, OLAP, Advanced Analytics and Real Application Testing options


PL/SQL procedure successfully completed.

ERROR:
ORA-04098: trigger 'ALEX.CAPTURE_TRACE_FILES' is invalid and failed
re-validation


Disconnected from Oracle Database 12c Enterprise Edition Release 12.1.0.1.0 - 64bit Production
With the Partitioning, OLAP, Advanced Analytics and Real Application Testing options (with complications)

SQL*Plus: Release 12.1.0.1.0 Production on Sun Sep 2 09:22:28 2018

Copyright (c) 1982, 2013, Oracle.  All rights reserved.


Connected to:
Oracle Database 12c Enterprise Edition Release 12.1.0.1.0 - 64bit Production
With the Partitioning, OLAP, Advanced Analytics and Real Application Testing options


Grant succeeded.


Grant succeeded.


Grant succeeded.


Grant succeeded.


Grant succeeded.


Grant succeeded.

ERROR:
ORA-04098: trigger 'ALEX.CAPTURE_TRACE_FILES' is invalid and failed
re-validation


Disconnected from Oracle Database 12c Enterprise Edition Release 12.1.0.1.0 - 64bit Production
With the Partitioning, OLAP, Advanced Analytics and Real Application Testing options (with complications)
Post import repair, at Sun Sep 2 09:22:28 MSK 2018

SQL*Plus: Release 12.1.0.1.0 Production on Sun Sep 2 09:22:28 2018

Copyright (c) 1982, 2013, Oracle.  All rights reserved.


Connected to:
Oracle Database 12c Enterprise Edition Release 12.1.0.1.0 - 64bit Production
With the Partitioning, OLAP, Advanced Analytics and Real Application Testing options


Table altered.


Table altered.


Table altered.


Table altered.


Table altered.


Table altered.


Table altered.


Table altered.


Table altered.


Table altered.


Table altered.


Table altered.


Index created.


Index created.


Index created.


Index created.


Index created.


Index created.


Index created.


Index created.


Index created.


PL/SQL procedure successfully completed.


OWNER  OBJECT_TYPE     OBJECT_NAME	    STATUS
------ --------------- -------------------- ----------
FND    VIEW	       FOR_LEV_SPI	    INVALID
FND    VIEW	       FOR_LEV_DVSR	    INVALID
UMG    VIEW	       VW_FL_ACCESS	    INVALID
FND    VIEW	       V_WEB_OPS_UDOCTYPES  INVALID
FND    VIEW	       V_WEB_OPS_UDOCS	    INVALID
FND    VIEW	       V_WEB_OPS_UADDR	    INVALID
FND    VIEW	       V_WEB_OPS_DOCUMENT_O INVALID
		       WNER

FND    VIEW	       V_WEB_OPS_DOGOVOR_ST INVALID
		       ATUS

OWNER  OBJECT_TYPE     OBJECT_NAME	    STATUS
------ --------------- -------------------- ----------

FND    VIEW	       FOR_LEV_SPL	    INVALID
FND    VIEW	       VW_FL_ACCESS	    INVALID
FND    VIEW	       VW_FL_WEB	    INVALID
FND    VIEW	       V_WEB_OPS_DOCUMENT_G INVALID
		       AZFOND_TMP

FND    VIEW	       V_WEB_OPS_DOGOVOR_SU INVALID
		       CCESSOR

GAZFON PROCEDURE       COPY_EMAILS_BIT_TO_F INVALID

OWNER  OBJECT_TYPE     OBJECT_NAME	    STATUS
------ --------------- -------------------- ----------
D		       OND_TEST

GAZFON PROCEDURE       COPY_EMAILS_BIT_TO_F INVALID
D		       OND

GAZFON PACKAGE BODY    SDL_PKG		    INVALID
D

FND    PROCEDURE       WEBNPO_EXPORT_WORKPL INVALID
		       ACES


OWNER  OBJECT_TYPE     OBJECT_NAME	    STATUS
------ --------------- -------------------- ----------
FND    PROCEDURE       REG_REGISTER_PP_JOB  INVALID
FND    PACKAGE BODY    VZNUR_ZACH	    INVALID
FND    PACKAGE BODY    VZNFL_ZACH	    INVALID
FND    PACKAGE BODY    FL_PACK		    INVALID
FND    PACKAGE BODY    PERFORMANCE	    INVALID

22 rows selected.

ERROR:
ORA-04045: errors during recompilation/revalidation of ALEX.CAPTURE_TRACE_FILES
ORA-01031: insufficient privileges


Disconnected from Oracle Database 12c Enterprise Edition Release 12.1.0.1.0 - 64bit Production
With the Partitioning, OLAP, Advanced Analytics and Real Application Testing options (with complications)
Post import recreate clones, at Sun Sep 2 09:27:32 MSK 2018

SQL*Plus: Release 12.1.0.1.0 Production on Sun Sep 2 09:27:32 2018

Copyright (c) 1982, 2013, Oracle.  All rights reserved.

Last Successful login time: Sat Sep 01 2018 22:09:33 +03:00

Connected to:
Oracle Database 12c Enterprise Edition Release 12.1.0.1.0 - 64bit Production
With the Partitioning, OLAP, Advanced Analytics and Real Application Testing options

begin
*
ERROR at line 1:
ORA-00001: unique constraint (PDB_ROOT.PDB_ACTIONS_UX) violated
ORA-06512: at "PDB_ROOT.PDB_API", line 511
ORA-06512: at line 3


Disconnected from Oracle Database 12c Enterprise Edition Release 12.1.0.1.0 - 64bit Production
With the Partitioning, OLAP, Advanced Analytics and Real Application Testing options
TTS COMPELTE AT Sun Sep 2 09:27:35 MSK 2018
BEGIN pdb_daemon_api.start_daemon; END;

*
ERROR at line 1:
ORA-03113: end-of-file on communication channel
Process ID: 30864
Session ID: 5 Serial number: 115


Disconnected from Oracle Database 12c Enterprise Edition Release 12.1.0.1.0 - 64bit Production
With the Partitioning, OLAP, Advanced Analytics and Real Application Testing options
