Start create duplicate datebase
Target DB:WEEKLY_NODE
Copy files start at Thu Jul 12 08:30:02 MSK 2018
Convert start at Thu Jul 12 08:30:02 MSK 2018
RMAN> 2> 3> 4> 5> 6> 7> 8> 9> 10> 11> 12> 13> 14> 15> 16> 17> 18> 19> 20> 21> 22> 23> 24> 25> 26> 27> 28> 29> 30> 31> 32> 33> 34> 35> 36> 37> 38> 39> 40> 41> 42> 43> 44> 45> 46> Import start at Thu Jul 12 12:48:53 MSK 2018
Post import start at Thu Jul 12 12:49:08 MSK 2018

SQL*Plus: Release 12.1.0.1.0 Production on Thu Jul 12 12:49:09 2018

Copyright (c) 1982, 2013, Oracle.  All rights reserved.

ERROR:
ORA-09945: Unable to initialize the audit trail file
Linux-x86_64 Error: 28: No space left on device
ORA-28009: connection as SYS should be as SYSDBA or SYSOPER


Enter user-name: 
SQL*Plus: Release 12.1.0.1.0 Production on Thu Jul 12 12:49:09 2018

Copyright (c) 1982, 2013, Oracle.  All rights reserved.

ERROR:
ORA-09945: Unable to initialize the audit trail file
Linux-x86_64 Error: 28: No space left on device
ORA-28009: connection as SYS should be as SYSDBA or SYSOPER


Enter user-name: 
SQL*Plus: Release 12.1.0.1.0 Production on Thu Jul 12 12:49:09 2018

Copyright (c) 1982, 2013, Oracle.  All rights reserved.

ERROR:
ORA-09925: Unable to create audit trail file
Linux-x86_64 Error: 28: No space left on device
Additional information: 9925
ORA-28009: connection as SYS should be as SYSDBA or SYSOPER


Enter user-name: TTS COMPELTE AT Thu Jul 12 12:49:14 MSK 2018
