Start create duplicate datebase
Target DB:WEEKLY_NODE
Copy files start at Sat Jul 28 10:30:02 MSK 2018
Recreate NODE WEEKLY_NODE atSat Jul 28 15:39:12 MSK 2018
Drop node WEEKLY_NODE, at Sat Jul 28 15:39:12 MSK 2018

SQL*Plus: Release 12.1.0.1.0 Production on Sat Jul 28 15:39:14 2018

Copyright (c) 1982, 2013, Oracle.  All rights reserved.


Connected to:
Oracle Database 12c Enterprise Edition Release 12.1.0.1.0 - 64bit Production
With the Partitioning, OLAP, Advanced Analytics and Real Application Testing options

old   2:   l_node_name varchar2(50) := '&1';
new   2:   l_node_name varchar2(50) := 'WEEKLY_NODE';
Node: WEEKLY_NODE

PL/SQL procedure successfully completed.

Disconnected from Oracle Database 12c Enterprise Edition Release 12.1.0.1.0 - 64bit Production
With the Partitioning, OLAP, Advanced Analytics and Real Application Testing options
Stop PDB Daemon at Sat Jul 28 15:40:34 MSK 2018

SQL*Plus: Release 12.1.0.1.0 Production on Sat Jul 28 15:40:34 2018

Copyright (c) 1982, 2013, Oracle.  All rights reserved.

Connected.

PL/SQL procedure successfully completed.

Disconnected from Oracle Database 12c Enterprise Edition Release 12.1.0.1.0 - 64bit Production
With the Partitioning, OLAP, Advanced Analytics and Real Application Testing options
Restart TSTCDB at Sat Jul 28 15:40:44 MSK 2018

SQL*Plus: Release 12.1.0.1.0 Production on Sat Jul 28 15:40:44 2018

Copyright (c) 1982, 2013, Oracle.  All rights reserved.


Connected to:
Oracle Database 12c Enterprise Edition Release 12.1.0.1.0 - 64bit Production
With the Partitioning, OLAP, Advanced Analytics and Real Application Testing options

Database closed.
Database dismounted.
ORACLE instance shut down.

ORACLE instance started.

Total System Global Area 1.7103E+10 bytes
Fixed Size		    2702112 bytes
Variable Size		 1.2382E+10 bytes
Database Buffers	 4697620480 bytes
Redo Buffers		   21254144 bytes
Database mounted.
Database opened.

Pluggable database altered.

Connected.

PL/SQL procedure successfully completed.

Disconnected from Oracle Database 12c Enterprise Edition Release 12.1.0.1.0 - 64bit Production
With the Partitioning, OLAP, Advanced Analytics and Real Application Testing options
Start PDB Daemon at Sat Jul 28 16:02:04 MSK 2018
Create source node WEEKLY_NODE, at Sat Jul 28 16:02:04 MSK 2018

SQL*Plus: Release 12.1.0.1.0 Production on Sat Jul 28 16:02:04 2018

Copyright (c) 1982, 2013, Oracle.  All rights reserved.


SQL*Plus: Release 12.1.0.1.0 Production on Sat Jul 28 16:02:04 2018

Copyright (c) 1982, 2013, Oracle.  All rights reserved.


Connected to:
Oracle Database 12c Enterprise Edition Release 12.1.0.1.0 - 64bit Production
With the Partitioning, OLAP, Advanced Analytics and Real Application Testing options


Connected.

Pluggable database created.


Pluggable database altered.


Session altered.


Database altered.


Database altered.


Database altered.


Database altered.

Connected.

Directory created.

Disconnected from Oracle Database 12c Enterprise Edition Release 12.1.0.1.0 - 64bit Production
With the Partitioning, OLAP, Advanced Analytics and Real Application Testing options
Recreate complete at Sat Jul 28 16:03:03 MSK 2018
Convert start at Sat Jul 28 16:03:03 MSK 2018
RMAN> 2> 3> 4> 5> 6> 7> 8> 9> 10> 11> 12> 13> 14> 15> 16> 17> 18> 19> 20> 21> 22> 23> 24> 25> 26> 27> 28> 29> 30> 31> 32> 33> 34> 35> 36> 37> 38> 39> 40> 41> 42> 43> 44> 45> 46> Import start at Sat Jul 28 20:13:53 MSK 2018
Post import start at Sun Jul 29 02:36:24 MSK 2018

SQL*Plus: Release 12.1.0.1.0 Production on Sun Jul 29 02:36:25 2018

Copyright (c) 1982, 2013, Oracle.  All rights reserved.


Connected to:
Oracle Database 12c Enterprise Edition Release 12.1.0.1.0 - 64bit Production
With the Partitioning, OLAP, Advanced Analytics and Real Application Testing options


PL/SQL procedure successfully completed.

ERROR:
ORA-04098: trigger 'ALEX.CAPTURE_TRACE_FILES' is invalid and failed
re-validation


Disconnected from Oracle Database 12c Enterprise Edition Release 12.1.0.1.0 - 64bit Production
With the Partitioning, OLAP, Advanced Analytics and Real Application Testing options (with complications)

SQL*Plus: Release 12.1.0.1.0 Production on Sun Jul 29 02:36:26 2018

Copyright (c) 1982, 2013, Oracle.  All rights reserved.


Connected to:
Oracle Database 12c Enterprise Edition Release 12.1.0.1.0 - 64bit Production
With the Partitioning, OLAP, Advanced Analytics and Real Application Testing options


Grant succeeded.


Grant succeeded.


Grant succeeded.


Grant succeeded.


Grant succeeded.


Grant succeeded.

ERROR:
ORA-04098: trigger 'ALEX.CAPTURE_TRACE_FILES' is invalid and failed
re-validation


Disconnected from Oracle Database 12c Enterprise Edition Release 12.1.0.1.0 - 64bit Production
With the Partitioning, OLAP, Advanced Analytics and Real Application Testing options (with complications)
Post import repair, at Sun Jul 29 02:36:26 MSK 2018

SQL*Plus: Release 12.1.0.1.0 Production on Sun Jul 29 02:36:26 2018

Copyright (c) 1982, 2013, Oracle.  All rights reserved.


Connected to:
Oracle Database 12c Enterprise Edition Release 12.1.0.1.0 - 64bit Production
With the Partitioning, OLAP, Advanced Analytics and Real Application Testing options


Table altered.


Table altered.


Table altered.


Table altered.


Table altered.


Table altered.


Table altered.


Table altered.


Table altered.


Table altered.


Table altered.


Table altered.


Index created.


Index created.


Index created.


Index created.


Index created.


Index created.


Index created.


Index created.


Index created.


PL/SQL procedure successfully completed.


OWNER  OBJECT_TYPE     OBJECT_NAME	    STATUS
------ --------------- -------------------- ----------
UMG    VIEW	       VW_FL_ACCESS	    INVALID
FND    VIEW	       V_WEB_OPS_UDOCTYPES  INVALID
FND    VIEW	       V_WEB_OPS_UDOCS	    INVALID
FND    VIEW	       V_WEB_OPS_UADDR	    INVALID
FND    VIEW	       V_WEB_OPS_DOGOVOR_SU INVALID
		       CCESSOR

FND    VIEW	       V_WEB_OPS_DOGOVOR_ST INVALID
		       ATUS

FND    VIEW	       V_WEB_OPS_DOCUMENT_O INVALID

OWNER  OBJECT_TYPE     OBJECT_NAME	    STATUS
------ --------------- -------------------- ----------
		       WNER

FND    VIEW	       FOR_LEV_SPI	    INVALID
FND    VIEW	       FOR_LEV_SPL	    INVALID
FND    VIEW	       VW_FL_ACCESS	    INVALID
FND    VIEW	       VW_FL_WEB	    INVALID
FND    VIEW	       V_WEB_OPS_DOCUMENT_G INVALID
		       AZFOND_TMP

FND    VIEW	       FOR_LEV_DVSR	    INVALID
GAZFON PACKAGE BODY    SDL_PKG		    INVALID

OWNER  OBJECT_TYPE     OBJECT_NAME	    STATUS
------ --------------- -------------------- ----------
D

FND    PROCEDURE       WEBNPO_EXPORT_WORKPL INVALID
		       ACES

FND    PROCEDURE       REG_REGISTER_PP_JOB  INVALID
FND    PACKAGE BODY    VZNUR_ZACH	    INVALID
FND    PACKAGE BODY    VZNFL_ZACH	    INVALID
FND    PACKAGE BODY    FL_PACK		    INVALID
FND    PACKAGE BODY    PERFORMANCE	    INVALID

20 rows selected.

ERROR:
ORA-04045: errors during recompilation/revalidation of ALEX.CAPTURE_TRACE_FILES
ORA-01031: insufficient privileges


Disconnected from Oracle Database 12c Enterprise Edition Release 12.1.0.1.0 - 64bit Production
With the Partitioning, OLAP, Advanced Analytics and Real Application Testing options (with complications)
Post import recreate clones, at Sun Jul 29 02:41:17 MSK 2018

SQL*Plus: Release 12.1.0.1.0 Production on Sun Jul 29 02:41:18 2018

Copyright (c) 1982, 2013, Oracle.  All rights reserved.

Last Successful login time: Sat Jul 28 2018 16:05:38 +03:00

Connected to:
Oracle Database 12c Enterprise Edition Release 12.1.0.1.0 - 64bit Production
With the Partitioning, OLAP, Advanced Analytics and Real Application Testing options


PL/SQL procedure successfully completed.

Disconnected from Oracle Database 12c Enterprise Edition Release 12.1.0.1.0 - 64bit Production
With the Partitioning, OLAP, Advanced Analytics and Real Application Testing options
TTS COMPELTE AT Sun Jul 29 02:41:21 MSK 2018
BEGIN pdb_daemon_api.start_daemon; END;

*
ERROR at line 1:
ORA-03113: end-of-file on communication channel
Process ID: 24637
Session ID: 1021 Serial number: 17


Disconnected from Oracle Database 12c Enterprise Edition Release 12.1.0.1.0 - 64bit Production
With the Partitioning, OLAP, Advanced Analytics and Real Application Testing options
