Start create duplicate datebase
Target DB:WEEKLY_NODE
Copy files start at Mon Jul 23 16:30:03 MSK 2018
Recreate PDB WEEKLY_NODE atMon Jul 23 21:37:30 MSK 2018

SQL*Plus: Release 12.1.0.1.0 Production on Mon Jul 23 21:37:34 2018

Copyright (c) 1982, 2013, Oracle.  All rights reserved.


Connected to:
Oracle Database 12c Enterprise Edition Release 12.1.0.1.0 - 64bit Production
With the Partitioning, OLAP, Advanced Analytics and Real Application Testing options


PL/SQL procedure successfully completed.



PL/SQL procedure successfully completed.



PL/SQL procedure successfully completed.


Pluggable database created.


Pluggable database altered.


Session altered.


Database altered.


Database altered.


Database altered.


Database altered.

Connected.

Directory created.

Disconnected from Oracle Database 12c Enterprise Edition Release 12.1.0.1.0 - 64bit Production
With the Partitioning, OLAP, Advanced Analytics and Real Application Testing options
Convert start at Mon Jul 23 21:58:54 MSK 2018
RMAN> 2> 3> 4> 5> 6> 7> 8> 9> 10> 11> 12> 13> 14> 15> 16> 17> 18> 19> 20> 21> 22> 23> 24> 25> 26> 27> 28> 29> 30> 31> 32> 33> 34> 35> 36> 37> 38> 39> 40> 41> 42> 43> 44> 45> 46> Import start at Tue Jul 24 02:39:34 MSK 2018
Post import start at Tue Jul 24 09:14:24 MSK 2018

SQL*Plus: Release 12.1.0.1.0 Production on Tue Jul 24 09:14:25 2018

Copyright (c) 1982, 2013, Oracle.  All rights reserved.


Connected to:
Oracle Database 12c Enterprise Edition Release 12.1.0.1.0 - 64bit Production
With the Partitioning, OLAP, Advanced Analytics and Real Application Testing options


PL/SQL procedure successfully completed.

ERROR:
ORA-04098: trigger 'ALEX.CAPTURE_TRACE_FILES' is invalid and failed
re-validation


Disconnected from Oracle Database 12c Enterprise Edition Release 12.1.0.1.0 - 64bit Production
With the Partitioning, OLAP, Advanced Analytics and Real Application Testing options (with complications)

SQL*Plus: Release 12.1.0.1.0 Production on Tue Jul 24 09:14:27 2018

Copyright (c) 1982, 2013, Oracle.  All rights reserved.


Connected to:
Oracle Database 12c Enterprise Edition Release 12.1.0.1.0 - 64bit Production
With the Partitioning, OLAP, Advanced Analytics and Real Application Testing options


Grant succeeded.


Grant succeeded.


Grant succeeded.


Grant succeeded.


Grant succeeded.


Grant succeeded.

ERROR:
ORA-04098: trigger 'ALEX.CAPTURE_TRACE_FILES' is invalid and failed
re-validation


Disconnected from Oracle Database 12c Enterprise Edition Release 12.1.0.1.0 - 64bit Production
With the Partitioning, OLAP, Advanced Analytics and Real Application Testing options (with complications)

SQL*Plus: Release 12.1.0.1.0 Production on Tue Jul 24 09:14:27 2018

Copyright (c) 1982, 2013, Oracle.  All rights reserved.


Connected to:
Oracle Database 12c Enterprise Edition Release 12.1.0.1.0 - 64bit Production
With the Partitioning, OLAP, Advanced Analytics and Real Application Testing options


Table altered.


Table altered.


Table altered.


Table altered.


Table altered.


Table altered.


Table altered.


Table altered.


Table altered.


Table altered.


Table altered.


Table altered.


Index created.


Index created.


Index created.


Index created.


Index created.


Index created.


Index created.


Index created.


Index created.


PL/SQL procedure successfully completed.


OWNER
--------------------------------------------------------------------------------
OBJECT_TYPE
--------------------------------
OBJECT_NAME
--------------------------------------------------------------------------------
STATUS
-------
UMG
VIEW
VW_FL_ACCESS
INVALID


OWNER
--------------------------------------------------------------------------------
OBJECT_TYPE
--------------------------------
OBJECT_NAME
--------------------------------------------------------------------------------
STATUS
-------
FND
VIEW
V_WEB_OPS_UDOCTYPES
INVALID


OWNER
--------------------------------------------------------------------------------
OBJECT_TYPE
--------------------------------
OBJECT_NAME
--------------------------------------------------------------------------------
STATUS
-------
FND
VIEW
V_WEB_OPS_UDOCS
INVALID


OWNER
--------------------------------------------------------------------------------
OBJECT_TYPE
--------------------------------
OBJECT_NAME
--------------------------------------------------------------------------------
STATUS
-------
FND
VIEW
V_WEB_OPS_UADDR
INVALID


OWNER
--------------------------------------------------------------------------------
OBJECT_TYPE
--------------------------------
OBJECT_NAME
--------------------------------------------------------------------------------
STATUS
-------
FND
VIEW
V_WEB_OPS_DOGOVOR_SUCCESSOR
INVALID


OWNER
--------------------------------------------------------------------------------
OBJECT_TYPE
--------------------------------
OBJECT_NAME
--------------------------------------------------------------------------------
STATUS
-------
FND
VIEW
V_WEB_OPS_DOGOVOR_STATUS
INVALID


OWNER
--------------------------------------------------------------------------------
OBJECT_TYPE
--------------------------------
OBJECT_NAME
--------------------------------------------------------------------------------
STATUS
-------
FND
VIEW
V_WEB_OPS_DOCUMENT_OWNER
INVALID


OWNER
--------------------------------------------------------------------------------
OBJECT_TYPE
--------------------------------
OBJECT_NAME
--------------------------------------------------------------------------------
STATUS
-------
FND
VIEW
FOR_LEV_SPI
INVALID


OWNER
--------------------------------------------------------------------------------
OBJECT_TYPE
--------------------------------
OBJECT_NAME
--------------------------------------------------------------------------------
STATUS
-------
FND
VIEW
FOR_LEV_SPL
INVALID


OWNER
--------------------------------------------------------------------------------
OBJECT_TYPE
--------------------------------
OBJECT_NAME
--------------------------------------------------------------------------------
STATUS
-------
FND
VIEW
VW_FL_ACCESS
INVALID


OWNER
--------------------------------------------------------------------------------
OBJECT_TYPE
--------------------------------
OBJECT_NAME
--------------------------------------------------------------------------------
STATUS
-------
FND
VIEW
VW_FL_WEB
INVALID


OWNER
--------------------------------------------------------------------------------
OBJECT_TYPE
--------------------------------
OBJECT_NAME
--------------------------------------------------------------------------------
STATUS
-------
FND
VIEW
V_WEB_OPS_DOCUMENT_GAZFOND_TMP
INVALID


OWNER
--------------------------------------------------------------------------------
OBJECT_TYPE
--------------------------------
OBJECT_NAME
--------------------------------------------------------------------------------
STATUS
-------
FND
VIEW
FOR_LEV_DVSR
INVALID


OWNER
--------------------------------------------------------------------------------
OBJECT_TYPE
--------------------------------
OBJECT_NAME
--------------------------------------------------------------------------------
STATUS
-------
GAZFOND
PACKAGE BODY
SDL_PKG
INVALID


OWNER
--------------------------------------------------------------------------------
OBJECT_TYPE
--------------------------------
OBJECT_NAME
--------------------------------------------------------------------------------
STATUS
-------
FND
PROCEDURE
WEBNPO_EXPORT_WORKPLACES
INVALID


OWNER
--------------------------------------------------------------------------------
OBJECT_TYPE
--------------------------------
OBJECT_NAME
--------------------------------------------------------------------------------
STATUS
-------
FND
PROCEDURE
REG_REGISTER_PP_JOB
INVALID


OWNER
--------------------------------------------------------------------------------
OBJECT_TYPE
--------------------------------
OBJECT_NAME
--------------------------------------------------------------------------------
STATUS
-------
FND
PACKAGE BODY
VZNUR_ZACH
INVALID


OWNER
--------------------------------------------------------------------------------
OBJECT_TYPE
--------------------------------
OBJECT_NAME
--------------------------------------------------------------------------------
STATUS
-------
FND
PACKAGE BODY
VZNFL_ZACH
INVALID


OWNER
--------------------------------------------------------------------------------
OBJECT_TYPE
--------------------------------
OBJECT_NAME
--------------------------------------------------------------------------------
STATUS
-------
FND
PACKAGE BODY
FL_PACK
INVALID


OWNER
--------------------------------------------------------------------------------
OBJECT_TYPE
--------------------------------
OBJECT_NAME
--------------------------------------------------------------------------------
STATUS
-------
FND
PACKAGE BODY
PERFORMANCE
INVALID


20 rows selected.

ERROR:
ORA-04045: errors during recompilation/revalidation of ALEX.CAPTURE_TRACE_FILES
ORA-01031: insufficient privileges


Disconnected from Oracle Database 12c Enterprise Edition Release 12.1.0.1.0 - 64bit Production
With the Partitioning, OLAP, Advanced Analytics and Real Application Testing options (with complications)

SQL*Plus: Release 12.1.0.1.0 Production on Tue Jul 24 09:19:14 2018

Copyright (c) 1982, 2013, Oracle.  All rights reserved.

Last Successful login time: Mon Jul 23 2018 21:37:34 +03:00

Connected to:
Oracle Database 12c Enterprise Edition Release 12.1.0.1.0 - 64bit Production
With the Partitioning, OLAP, Advanced Analytics and Real Application Testing options


PL/SQL procedure successfully completed.

Disconnected from Oracle Database 12c Enterprise Edition Release 12.1.0.1.0 - 64bit Production
With the Partitioning, OLAP, Advanced Analytics and Real Application Testing options
TTS COMPELTE AT Tue Jul 24 09:19:17 MSK 2018
