Start create duplicate datebase
Target DB:WEEKLY_NODE
Drop node WEEKLY_NODE, at Mon Sep 24 22:00:02 MSK 2018

SQL*Plus: Release 12.1.0.1.0 Production on Mon Sep 24 22:00:04 2018

Copyright (c) 1982, 2013, Oracle.  All rights reserved.


Connected to:
Oracle Database 12c Enterprise Edition Release 12.1.0.1.0 - 64bit Production
With the Partitioning, OLAP, Advanced Analytics and Real Application Testing options

old   2:   l_node_name varchar2(50) := '&1';
new   2:   l_node_name varchar2(50) := 'WEEKLY_NODE';
Node: WEEKLY_NODE

PL/SQL procedure successfully completed.

Disconnected from Oracle Database 12c Enterprise Edition Release 12.1.0.1.0 - 64bit Production
With the Partitioning, OLAP, Advanced Analytics and Real Application Testing options

Import start at Mon Sep 24 22:00:04 MSK 2018

SQL*Plus: Release 12.1.0.1.0 Production on Mon Sep 24 22:00:04 2018

Copyright (c) 1982, 2013, Oracle.  All rights reserved.


Connected to:
Oracle Database 12c Enterprise Edition Release 12.1.0.1.0 - 64bit Production
With the Partitioning, OLAP, Advanced Analytics and Real Application Testing options

old   2:   l_node_name varchar2(50) := '&1';
new   2:   l_node_name varchar2(50) := 'WEEKLY_NODE';
WEEKLY_NODE: MOUNTED
WEEKLY_NODE: READ WRITE

PL/SQL procedure successfully completed.

Disconnected from Oracle Database 12c Enterprise Edition Release 12.1.0.1.0 - 64bit Production
With the Partitioning, OLAP, Advanced Analytics and Real Application Testing options
Import complete at Mon Sep 24 22:00:12 MSK 2018
Post import start at Mon Sep 24 22:00:12 MSK 2018

SQL*Plus: Release 12.1.0.1.0 Production on Mon Sep 24 22:00:12 2018

Copyright (c) 1982, 2013, Oracle.  All rights reserved.


Connected to:
Oracle Database 12c Enterprise Edition Release 12.1.0.1.0 - 64bit Production
With the Partitioning, OLAP, Advanced Analytics and Real Application Testing options


PL/SQL procedure successfully completed.

Disconnected from Oracle Database 12c Enterprise Edition Release 12.1.0.1.0 - 64bit Production
With the Partitioning, OLAP, Advanced Analytics and Real Application Testing options

SQL*Plus: Release 12.1.0.1.0 Production on Mon Sep 24 22:00:15 2018

Copyright (c) 1982, 2013, Oracle.  All rights reserved.


Connected to:
Oracle Database 12c Enterprise Edition Release 12.1.0.1.0 - 64bit Production
With the Partitioning, OLAP, Advanced Analytics and Real Application Testing options

grant execute on dbms_lock to inf
                              *
ERROR at line 1:
ORA-01917: user or role 'INF' does not exist


grant execute on dbms_lock to inf_pn
                              *
ERROR at line 1:
ORA-01917: user or role 'INF_PN' does not exist


grant execute on dbms_lock to gazfond
                              *
ERROR at line 1:
ORA-01917: user or role 'GAZFOND' does not exist


grant execute on dbms_lock to gazfond_pn
                              *
ERROR at line 1:
ORA-01917: user or role 'GAZFOND_PN' does not exist


grant execute on dbms_lock to fnd
                              *
ERROR at line 1:
ORA-01917: user or role 'FND' does not exist


grant execute on dbms_lock to cdm
                              *
ERROR at line 1:
ORA-01917: user or role 'CDM' does not exist


Disconnected from Oracle Database 12c Enterprise Edition Release 12.1.0.1.0 - 64bit Production
With the Partitioning, OLAP, Advanced Analytics and Real Application Testing options
Post import repair, at Mon Sep 24 22:00:15 MSK 2018

SQL*Plus: Release 12.1.0.1.0 Production on Mon Sep 24 22:00:15 2018

Copyright (c) 1982, 2013, Oracle.  All rights reserved.


Connected to:
Oracle Database 12c Enterprise Edition Release 12.1.0.1.0 - 64bit Production
With the Partitioning, OLAP, Advanced Analytics and Real Application Testing options

alter table gazfond.documents add REG_DEPT_NUM_FOR_SORT VARCHAR2(14) GENERATED ALWAYS AS (COALESCE(LPAD(REG_DEPT_NUM,14,'0'),'00000000000000')) VIRTUAL  NOT NULL ENABLE
                                  *
ERROR at line 1:
ORA-00942: table or view does not exist


alter table gazfond.documents add REG_ACT_NUM_FOR_SORT VARCHAR2(14) GENERATED ALWAYS AS (COALESCE(LPAD(REG_ACT_NUM,14,'0'),'00000000000000')) VIRTUAL  NOT NULL ENABLE
                                  *
ERROR at line 1:
ORA-00942: table or view does not exist


alter table gazfond.documents add REG_DOC_NUM_FOR_SORT VARCHAR2(14) GENERATED ALWAYS AS (COALESCE(LPAD(REG_DOC_NUM,14,'0'),'00000000000000')) VIRTUAL  NOT NULL ENABLE
                                  *
ERROR at line 1:
ORA-00942: table or view does not exist


alter table gazfond_pn.documents add REG_DEPT_NUM_FOR_SORT VARCHAR2(14) GENERATED ALWAYS AS (COALESCE(LPAD(REG_DEPT_NUM,14,'0'),'00000000000000')) VIRTUAL  NOT NULL ENABLE
                                     *
ERROR at line 1:
ORA-00942: table or view does not exist


alter table gazfond_pn.documents add REG_ACT_NUM_FOR_SORT VARCHAR2(14) GENERATED ALWAYS AS (COALESCE(LPAD(REG_ACT_NUM,14,'0'),'00000000000000')) VIRTUAL  NOT NULL ENABLE
                                     *
ERROR at line 1:
ORA-00942: table or view does not exist


alter table gazfond_pn.documents add REG_DOC_NUM_FOR_SORT VARCHAR2(14) GENERATED ALWAYS AS (COALESCE(LPAD(REG_DOC_NUM,14,'0'),'00000000000000')) VIRTUAL  NOT NULL ENABLE
                                     *
ERROR at line 1:
ORA-00942: table or view does not exist


alter table gazfond.doc_copy add REG_DEPT_NUM_FOR_SORT VARCHAR2(14) GENERATED ALWAYS AS (COALESCE(LPAD(REG_DEPT_NUM,14,'0'),'00000000000000')) VIRTUAL	NOT NULL ENABLE
                                 *
ERROR at line 1:
ORA-00942: table or view does not exist


alter table gazfond.doc_copy add REG_ACT_NUM_FOR_SORT VARCHAR2(14) GENERATED ALWAYS AS (COALESCE(LPAD(REG_ACT_NUM,14,'0'),'00000000000000')) VIRTUAL  NOT NULL ENABLE
                                 *
ERROR at line 1:
ORA-00942: table or view does not exist


alter table gazfond.doc_copy add REG_DOC_NUM_FOR_SORT VARCHAR2(14) GENERATED ALWAYS AS (COALESCE(LPAD(REG_DOC_NUM,14,'0'),'00000000000000')) VIRTUAL  NOT NULL ENABLE
                                 *
ERROR at line 1:
ORA-00942: table or view does not exist


alter table gazfond_pn.doc_copy add REG_DEPT_NUM_FOR_SORT VARCHAR2(14) GENERATED ALWAYS AS (COALESCE(LPAD(REG_DEPT_NUM,14,'0'),'00000000000000')) VIRTUAL  NOT NULL ENABLE
                                    *
ERROR at line 1:
ORA-00942: table or view does not exist


alter table gazfond_pn.doc_copy add REG_ACT_NUM_FOR_SORT VARCHAR2(14) GENERATED ALWAYS AS (COALESCE(LPAD(REG_ACT_NUM,14,'0'),'00000000000000')) VIRTUAL  NOT NULL ENABLE
                                    *
ERROR at line 1:
ORA-00942: table or view does not exist


alter table gazfond_pn.doc_copy add REG_DOC_NUM_FOR_SORT VARCHAR2(14) GENERATED ALWAYS AS (COALESCE(LPAD(REG_DOC_NUM,14,'0'),'00000000000000')) VIRTUAL  NOT NULL ENABLE
                                    *
ERROR at line 1:
ORA-00942: table or view does not exist


CREATE INDEX BNA.IDX_KPPPSW_DEPT ON BNA.KPP_PASS (BNA.KPP_GET_DEPT(ID)) PARALLEL 5
                                        *
ERROR at line 1:
ORA-00942: table or view does not exist


CREATE INDEX FND.IDX_IZM_REF_MEM ON FND.IZMENENIYA (FND.IZM_REFERS_MEMBER(KOD_IZM))  PARALLEL 5
                                        *
ERROR at line 1:
ORA-00942: table or view does not exist


CREATE INDEX FND.IDX_NUM_VAL ON FND.IZM_KEY_VAL (FND.SAFE_TO_NUMBER(VAL))  PARALLEL 5
                                    *
ERROR at line 1:
ORA-00942: table or view does not exist


CREATE INDEX FND.IDX_REG_DOC_FN_ISH ON FND.REG_DOC_INSZ (FND.REG_GET_DOC_ISH(KOD_INSZ))  PARALLEL 5
                                           *
ERROR at line 1:
ORA-00942: table or view does not exist


CREATE INDEX FND.IDX_SVID_DATNOMDOG ON FND.DOC_SVID (FND.SVID_GET_DATA_NOM_DOG(DATA_DOG,NOM_DOG)) PARALLEL 5
                                           *
ERROR at line 1:
ORA-00942: table or view does not exist


CREATE INDEX GAZFOND.DOCUMENT_REGDEPTACTNUM_IDX ON GAZFOND.DOCUMENTS (REG_DEPT_NUM_FOR_SORT, REG_ACT_NUM_FOR_SORT, REG_DOC_NUM_FOR_SORT)  PARALLEL 5
                                                           *
ERROR at line 1:
ORA-00942: table or view does not exist


CREATE INDEX GAZFOND.DOC_COPY_REGDEPTACTNUM_IDX ON GAZFOND.DOC_COPY (REG_DEPT_NUM_FOR_SORT, REG_ACT_NUM_FOR_SORT, REG_DOC_NUM_FOR_SORT)  PARALLEL 5
                                                           *
ERROR at line 1:
ORA-00942: table or view does not exist


CREATE INDEX GAZFOND_PN.DOCUMENT_REGDEPTACTNUM_IDX ON GAZFOND_PN.DOCUMENTS (REG_DEPT_NUM_FOR_SORT, REG_ACT_NUM_FOR_SORT, REG_DOC_NUM_FOR_SORT)	PARALLEL 5
                                                                 *
ERROR at line 1:
ORA-00942: table or view does not exist


CREATE INDEX GAZFOND_PN.DOC_COPY_REGDEPTACTNUM_IDX ON GAZFOND_PN.DOC_COPY (REG_DEPT_NUM_FOR_SORT, REG_ACT_NUM_FOR_SORT, REG_DOC_NUM_FOR_SORT)  PARALLEL 5
                                                                 *
ERROR at line 1:
ORA-00942: table or view does not exist


	    from   vbz.tts_invalids_t t) tt
                       *
ERROR at line 22:
ORA-06550: line 22, column 24:
PL/SQL: ORA-00942: table or view does not exist
ORA-06550: line 5, column 5:
PL/SQL: SQL Statement ignored
ORA-06550: line 43, column 10:
PLS-00364: loop index variable 'O' use is invalid
ORA-06550: line 43, column 7:
PL/SQL: Statement ignored


	    from   vbz.tts_invalids_t t
                       *
ERROR at line 18:
ORA-00942: table or view does not exist


Disconnected from Oracle Database 12c Enterprise Edition Release 12.1.0.1.0 - 64bit Production
With the Partitioning, OLAP, Advanced Analytics and Real Application Testing options
Post import recreate clones, at Mon Sep 24 22:00:16 MSK 2018

SQL*Plus: Release 12.1.0.1.0 Production on Mon Sep 24 22:00:16 2018

Copyright (c) 1982, 2013, Oracle.  All rights reserved.

Last Successful login time: Mon Sep 24 2018 22:00:04 +03:00

Connected to:
Oracle Database 12c Enterprise Edition Release 12.1.0.1.0 - 64bit Production
With the Partitioning, OLAP, Advanced Analytics and Real Application Testing options


PL/SQL procedure successfully completed.

Disconnected from Oracle Database 12c Enterprise Edition Release 12.1.0.1.0 - 64bit Production
With the Partitioning, OLAP, Advanced Analytics and Real Application Testing options
TTS COMPELTE AT Mon Sep 24 22:00:16 MSK 2018
