Start create duplicate datebase
Target DB:WEEKLY_NODE
Post import start at Mon Sep 10 15:37:24 MSK 2018

SQL*Plus: Release 12.1.0.1.0 Production on Mon Sep 10 15:37:27 2018

Copyright (c) 1982, 2013, Oracle.  All rights reserved.


Connected to:
Oracle Database 12c Enterprise Edition Release 12.1.0.1.0 - 64bit Production
With the Partitioning, OLAP, Advanced Analytics and Real Application Testing options


PL/SQL procedure successfully completed.

ERROR:
ORA-04098: trigger 'ALEX.CAPTURE_TRACE_FILES' is invalid and failed
re-validation


Disconnected from Oracle Database 12c Enterprise Edition Release 12.1.0.1.0 - 64bit Production
With the Partitioning, OLAP, Advanced Analytics and Real Application Testing options (with complications)

SQL*Plus: Release 12.1.0.1.0 Production on Mon Sep 10 15:37:34 2018

Copyright (c) 1982, 2013, Oracle.  All rights reserved.


Connected to:
Oracle Database 12c Enterprise Edition Release 12.1.0.1.0 - 64bit Production
With the Partitioning, OLAP, Advanced Analytics and Real Application Testing options


Grant succeeded.


Grant succeeded.


Grant succeeded.


Grant succeeded.


Grant succeeded.


Grant succeeded.

ERROR:
ORA-04098: trigger 'ALEX.CAPTURE_TRACE_FILES' is invalid and failed
re-validation


Disconnected from Oracle Database 12c Enterprise Edition Release 12.1.0.1.0 - 64bit Production
With the Partitioning, OLAP, Advanced Analytics and Real Application Testing options (with complications)
Post import repair, at Mon Sep 10 15:37:36 MSK 2018

SQL*Plus: Release 12.1.0.1.0 Production on Mon Sep 10 15:37:36 2018

Copyright (c) 1982, 2013, Oracle.  All rights reserved.


Connected to:
Oracle Database 12c Enterprise Edition Release 12.1.0.1.0 - 64bit Production
With the Partitioning, OLAP, Advanced Analytics and Real Application Testing options


Table altered.


Table altered.


Table altered.


Table altered.


Table altered.


Table altered.


Table altered.


Table altered.


Table altered.


Table altered.


Table altered.


Table altered.


Index created.


Index created.


Index created.


Index created.


Index created.


Index created.


Index created.


Index created.


Index created.


PL/SQL procedure successfully completed.


OWNER  OBJECT_TYPE     OBJECT_NAME	    STATUS
------ --------------- -------------------- ----------
FND    VIEW	       FOR_LEV_SPI	    INVALID
FND    VIEW	       FOR_LEV_DVSR	    INVALID
UMG    VIEW	       VW_FL_ACCESS	    INVALID
FND    VIEW	       V_WEB_OPS_UDOCTYPES  INVALID
FND    VIEW	       V_WEB_OPS_UDOCS	    INVALID
FND    VIEW	       V_WEB_OPS_UADDR	    INVALID
FND    VIEW	       V_WEB_OPS_DOCUMENT_O INVALID
		       WNER

FND    VIEW	       V_WEB_OPS_DOGOVOR_ST INVALID
		       ATUS

OWNER  OBJECT_TYPE     OBJECT_NAME	    STATUS
------ --------------- -------------------- ----------

FND    VIEW	       FOR_LEV_SPL	    INVALID
FND    VIEW	       VW_FL_ACCESS	    INVALID
FND    VIEW	       VW_FL_WEB	    INVALID
FND    VIEW	       V_WEB_OPS_DOCUMENT_G INVALID
		       AZFOND_TMP

FND    VIEW	       V_WEB_OPS_DOGOVOR_SU INVALID
		       CCESSOR

GAZFON PROCEDURE       COPY_EMAILS_BIT_TO_F INVALID

OWNER  OBJECT_TYPE     OBJECT_NAME	    STATUS
------ --------------- -------------------- ----------
D		       OND_TEST

GAZFON PROCEDURE       COPY_EMAILS_BIT_TO_F INVALID
D		       OND

GAZFON PACKAGE BODY    SDL_PKG		    INVALID
D

FND    PROCEDURE       WEBNPO_EXPORT_WORKPL INVALID
		       ACES


OWNER  OBJECT_TYPE     OBJECT_NAME	    STATUS
------ --------------- -------------------- ----------
FND    PROCEDURE       REG_REGISTER_PP_JOB  INVALID
FND    PACKAGE BODY    VZNUR_ZACH	    INVALID
FND    PACKAGE BODY    VZNFL_ZACH	    INVALID
FND    PACKAGE BODY    FL_PACK		    INVALID
FND    PACKAGE BODY    PERFORMANCE	    INVALID

22 rows selected.

ERROR:
ORA-04045: errors during recompilation/revalidation of ALEX.CAPTURE_TRACE_FILES
ORA-01031: insufficient privileges


Disconnected from Oracle Database 12c Enterprise Edition Release 12.1.0.1.0 - 64bit Production
With the Partitioning, OLAP, Advanced Analytics and Real Application Testing options (with complications)
Post import recreate clones, at Mon Sep 10 15:44:26 MSK 2018

SQL*Plus: Release 12.1.0.1.0 Production on Mon Sep 10 15:44:26 2018

Copyright (c) 1982, 2013, Oracle.  All rights reserved.

Last Successful login time: Mon Sep 10 2018 08:18:07 +03:00

Connected to:
Oracle Database 12c Enterprise Edition Release 12.1.0.1.0 - 64bit Production
With the Partitioning, OLAP, Advanced Analytics and Real Application Testing options


PL/SQL procedure successfully completed.

Disconnected from Oracle Database 12c Enterprise Edition Release 12.1.0.1.0 - 64bit Production
With the Partitioning, OLAP, Advanced Analytics and Real Application Testing options
TTS COMPELTE AT Mon Sep 10 15:44:34 MSK 2018
