Start create duplicate datebase
Target DB:WEEKLY_NODE
Copy files start at Sat Sep 8 16:30:02 MSK 2018
Recreate NODE WEEKLY_NODE atSat Sep 8 21:45:39 MSK 2018
Drop node WEEKLY_NODE, at Sat Sep 8 21:45:39 MSK 2018

SQL*Plus: Release 12.1.0.1.0 Production on Sat Sep 8 21:45:40 2018

Copyright (c) 1982, 2013, Oracle.  All rights reserved.


Connected to:
Oracle Database 12c Enterprise Edition Release 12.1.0.1.0 - 64bit Production
With the Partitioning, OLAP, Advanced Analytics and Real Application Testing options

old   2:   l_node_name varchar2(50) := '&1';
new   2:   l_node_name varchar2(50) := 'WEEKLY_NODE';
Node: WEEKLY_NODE

PL/SQL procedure successfully completed.

Disconnected from Oracle Database 12c Enterprise Edition Release 12.1.0.1.0 - 64bit Production
With the Partitioning, OLAP, Advanced Analytics and Real Application Testing options
Stop PDB Daemon at Sat Sep 8 21:46:30 MSK 2018

SQL*Plus: Release 12.1.0.1.0 Production on Sat Sep 8 21:46:30 2018

Copyright (c) 1982, 2013, Oracle.  All rights reserved.

Connected.

PL/SQL procedure successfully completed.

Disconnected from Oracle Database 12c Enterprise Edition Release 12.1.0.1.0 - 64bit Production
With the Partitioning, OLAP, Advanced Analytics and Real Application Testing options
Restart TSTCDB at Sat Sep 8 21:46:40 MSK 2018

SQL*Plus: Release 12.1.0.1.0 Production on Sat Sep 8 21:46:40 2018

Copyright (c) 1982, 2013, Oracle.  All rights reserved.


Connected to:
Oracle Database 12c Enterprise Edition Release 12.1.0.1.0 - 64bit Production
With the Partitioning, OLAP, Advanced Analytics and Real Application Testing options

Database closed.
Database dismounted.
ORACLE instance shut down.

ORACLE instance started.

Total System Global Area 1.7103E+10 bytes
Fixed Size		    2702112 bytes
Variable Size		 1.0503E+10 bytes
Database Buffers	 6576668672 bytes
Redo Buffers		   21254144 bytes
Database mounted.
Database opened.

Pluggable database altered.

Connected.

PL/SQL procedure successfully completed.

Disconnected from Oracle Database 12c Enterprise Edition Release 12.1.0.1.0 - 64bit Production
With the Partitioning, OLAP, Advanced Analytics and Real Application Testing options
Start PDB Daemon at Sat Sep 8 22:18:03 MSK 2018
Create source node WEEKLY_NODE, at Sat Sep 8 22:18:03 MSK 2018

SQL*Plus: Release 12.1.0.1.0 Production on Sat Sep 8 22:18:03 2018

Copyright (c) 1982, 2013, Oracle.  All rights reserved.


Connected to:
Oracle Database 12c Enterprise Edition Release 12.1.0.1.0 - 64bit Production
With the Partitioning, OLAP, Advanced Analytics and Real Application Testing options


SQL*Plus: Release 12.1.0.1.0 Production on Sat Sep 8 22:18:03 2018

Copyright (c) 1982, 2013, Oracle.  All rights reserved.


Connected.

Pluggable database created.


Pluggable database altered.


Session altered.


Database altered.


Database altered.


Database altered.


Database altered.

Connected.

Directory created.

Disconnected from Oracle Database 12c Enterprise Edition Release 12.1.0.1.0 - 64bit Production
With the Partitioning, OLAP, Advanced Analytics and Real Application Testing options
Recreate complete at Sat Sep 8 22:18:49 MSK 2018
Convert start at Sat Sep 8 22:18:49 MSK 2018
RMAN> 2> 3> 4> 5> 6> 7> 8> 9> 10> 11> 12> 13> 14> 15> 16> 17> 18> 19> 20> 21> 22> 23> 24> 25> 26> 27> 28> 29> 30> 31> 32> 33> 34> 35> 36> 37> 38> 39> 40> 41> 42> 43> 44> 45> 46> Import start at Sun Sep 9 02:48:42 MSK 2018
Post import start at Sun Sep 9 02:48:44 MSK 2018

SQL*Plus: Release 12.1.0.1.0 Production on Sun Sep 9 02:48:44 2018

Copyright (c) 1982, 2013, Oracle.  All rights reserved.


Connected to:
Oracle Database 12c Enterprise Edition Release 12.1.0.1.0 - 64bit Production
With the Partitioning, OLAP, Advanced Analytics and Real Application Testing options

	    from   cdb_scheduler_jobs j,
                   *
ERROR at line 13:
ORA-06550: line 13, column 20:
PL/SQL: ORA-01219: database or pluggable database not open: queries allowed on
fixed tables or views only
ORA-06550: line 5, column 5:
PL/SQL: SQL Statement ignored
ORA-06550: line 4, column 10:
PLS-00341: declaration of cursor 'L_JOBS_CUR' is incomplete or malformed
ORA-06550: line 23, column 3:
PL/SQL: Item ignored
ORA-06550: line 4, column 10:
PLS-00341: declaration of cursor 'L_JOBS_CUR' is incomplete or malformed
ORA-06550: line 46, column 3:
PL/SQL: Item ignored
ORA-06550: line 70, column 23:
PLS-00597: expression 'L_JOBS' in the INTO list is of wrong type
ORA-06550: line 69, column 3:
PL/SQL: SQL Statement ignored
ORA-06550: line 75, column 25:
PLS-00201: identifier 'I' must be declared
ORA-06550: line 75, column 5:
PL/SQL: Statement ignored


Disconnected from Oracle Database 12c Enterprise Edition Release 12.1.0.1.0 - 64bit Production
With the Partitioning, OLAP, Advanced Analytics and Real Application Testing options

SQL*Plus: Release 12.1.0.1.0 Production on Sun Sep 9 02:48:45 2018

Copyright (c) 1982, 2013, Oracle.  All rights reserved.


Connected to:
Oracle Database 12c Enterprise Edition Release 12.1.0.1.0 - 64bit Production
With the Partitioning, OLAP, Advanced Analytics and Real Application Testing options

grant execute on dbms_lock to inf
*
ERROR at line 1:
ORA-01109: database not open


grant execute on dbms_lock to inf_pn
*
ERROR at line 1:
ORA-01109: database not open


grant execute on dbms_lock to gazfond
*
ERROR at line 1:
ORA-01109: database not open


grant execute on dbms_lock to gazfond_pn
*
ERROR at line 1:
ORA-01109: database not open


grant execute on dbms_lock to fnd
*
ERROR at line 1:
ORA-01109: database not open


grant execute on dbms_lock to cdm
*
ERROR at line 1:
ORA-01109: database not open


Disconnected from Oracle Database 12c Enterprise Edition Release 12.1.0.1.0 - 64bit Production
With the Partitioning, OLAP, Advanced Analytics and Real Application Testing options
Post import repair, at Sun Sep 9 02:48:46 MSK 2018

SQL*Plus: Release 12.1.0.1.0 Production on Sun Sep 9 02:48:46 2018

Copyright (c) 1982, 2013, Oracle.  All rights reserved.


Connected to:
Oracle Database 12c Enterprise Edition Release 12.1.0.1.0 - 64bit Production
With the Partitioning, OLAP, Advanced Analytics and Real Application Testing options

alter table gazfond.documents add REG_DEPT_NUM_FOR_SORT VARCHAR2(14) GENERATED ALWAYS AS (COALESCE(LPAD(REG_DEPT_NUM,14,'0'),'00000000000000')) VIRTUAL  NOT NULL ENABLE
                                  *
ERROR at line 1:
ORA-01109: database not open


alter table gazfond.documents add REG_ACT_NUM_FOR_SORT VARCHAR2(14) GENERATED ALWAYS AS (COALESCE(LPAD(REG_ACT_NUM,14,'0'),'00000000000000')) VIRTUAL  NOT NULL ENABLE
                                  *
ERROR at line 1:
ORA-01109: database not open


alter table gazfond.documents add REG_DOC_NUM_FOR_SORT VARCHAR2(14) GENERATED ALWAYS AS (COALESCE(LPAD(REG_DOC_NUM,14,'0'),'00000000000000')) VIRTUAL  NOT NULL ENABLE
                                  *
ERROR at line 1:
ORA-01109: database not open


alter table gazfond_pn.documents add REG_DEPT_NUM_FOR_SORT VARCHAR2(14) GENERATED ALWAYS AS (COALESCE(LPAD(REG_DEPT_NUM,14,'0'),'00000000000000')) VIRTUAL  NOT NULL ENABLE
                                     *
ERROR at line 1:
ORA-01109: database not open


alter table gazfond_pn.documents add REG_ACT_NUM_FOR_SORT VARCHAR2(14) GENERATED ALWAYS AS (COALESCE(LPAD(REG_ACT_NUM,14,'0'),'00000000000000')) VIRTUAL  NOT NULL ENABLE
                                     *
ERROR at line 1:
ORA-01109: database not open


alter table gazfond_pn.documents add REG_DOC_NUM_FOR_SORT VARCHAR2(14) GENERATED ALWAYS AS (COALESCE(LPAD(REG_DOC_NUM,14,'0'),'00000000000000')) VIRTUAL  NOT NULL ENABLE
                                     *
ERROR at line 1:
ORA-01109: database not open


alter table gazfond.doc_copy add REG_DEPT_NUM_FOR_SORT VARCHAR2(14) GENERATED ALWAYS AS (COALESCE(LPAD(REG_DEPT_NUM,14,'0'),'00000000000000')) VIRTUAL	NOT NULL ENABLE
                                 *
ERROR at line 1:
ORA-01109: database not open


alter table gazfond.doc_copy add REG_ACT_NUM_FOR_SORT VARCHAR2(14) GENERATED ALWAYS AS (COALESCE(LPAD(REG_ACT_NUM,14,'0'),'00000000000000')) VIRTUAL  NOT NULL ENABLE
                                 *
ERROR at line 1:
ORA-01109: database not open


alter table gazfond.doc_copy add REG_DOC_NUM_FOR_SORT VARCHAR2(14) GENERATED ALWAYS AS (COALESCE(LPAD(REG_DOC_NUM,14,'0'),'00000000000000')) VIRTUAL  NOT NULL ENABLE
                                 *
ERROR at line 1:
ORA-01109: database not open


alter table gazfond_pn.doc_copy add REG_DEPT_NUM_FOR_SORT VARCHAR2(14) GENERATED ALWAYS AS (COALESCE(LPAD(REG_DEPT_NUM,14,'0'),'00000000000000')) VIRTUAL  NOT NULL ENABLE
                                    *
ERROR at line 1:
ORA-01109: database not open


alter table gazfond_pn.doc_copy add REG_ACT_NUM_FOR_SORT VARCHAR2(14) GENERATED ALWAYS AS (COALESCE(LPAD(REG_ACT_NUM,14,'0'),'00000000000000')) VIRTUAL  NOT NULL ENABLE
                                    *
ERROR at line 1:
ORA-01109: database not open


alter table gazfond_pn.doc_copy add REG_DOC_NUM_FOR_SORT VARCHAR2(14) GENERATED ALWAYS AS (COALESCE(LPAD(REG_DOC_NUM,14,'0'),'00000000000000')) VIRTUAL  NOT NULL ENABLE
                                    *
ERROR at line 1:
ORA-01109: database not open


CREATE INDEX BNA.IDX_KPPPSW_DEPT ON BNA.KPP_PASS (BNA.KPP_GET_DEPT(ID)) PARALLEL 5
*
ERROR at line 1:
ORA-01109: database not open


CREATE INDEX FND.IDX_IZM_REF_MEM ON FND.IZMENENIYA (FND.IZM_REFERS_MEMBER(KOD_IZM))  PARALLEL 5
*
ERROR at line 1:
ORA-01109: database not open


CREATE INDEX FND.IDX_NUM_VAL ON FND.IZM_KEY_VAL (FND.SAFE_TO_NUMBER(VAL))  PARALLEL 5
*
ERROR at line 1:
ORA-01109: database not open


CREATE INDEX FND.IDX_REG_DOC_FN_ISH ON FND.REG_DOC_INSZ (FND.REG_GET_DOC_ISH(KOD_INSZ))  PARALLEL 5
*
ERROR at line 1:
ORA-01109: database not open


CREATE INDEX FND.IDX_SVID_DATNOMDOG ON FND.DOC_SVID (FND.SVID_GET_DATA_NOM_DOG(DATA_DOG,NOM_DOG)) PARALLEL 5
*
ERROR at line 1:
ORA-01109: database not open


CREATE INDEX GAZFOND.DOCUMENT_REGDEPTACTNUM_IDX ON GAZFOND.DOCUMENTS (REG_DEPT_NUM_FOR_SORT, REG_ACT_NUM_FOR_SORT, REG_DOC_NUM_FOR_SORT)  PARALLEL 5
*
ERROR at line 1:
ORA-01109: database not open


CREATE INDEX GAZFOND.DOC_COPY_REGDEPTACTNUM_IDX ON GAZFOND.DOC_COPY (REG_DEPT_NUM_FOR_SORT, REG_ACT_NUM_FOR_SORT, REG_DOC_NUM_FOR_SORT)  PARALLEL 5
*
ERROR at line 1:
ORA-01109: database not open


CREATE INDEX GAZFOND_PN.DOCUMENT_REGDEPTACTNUM_IDX ON GAZFOND_PN.DOCUMENTS (REG_DEPT_NUM_FOR_SORT, REG_ACT_NUM_FOR_SORT, REG_DOC_NUM_FOR_SORT)	PARALLEL 5
*
ERROR at line 1:
ORA-01109: database not open


CREATE INDEX GAZFOND_PN.DOC_COPY_REGDEPTACTNUM_IDX ON GAZFOND_PN.DOC_COPY (REG_DEPT_NUM_FOR_SORT, REG_ACT_NUM_FOR_SORT, REG_DOC_NUM_FOR_SORT)  PARALLEL 5
*
ERROR at line 1:
ORA-01109: database not open


	    from   all_objects ao
                   *
ERROR at line 13:
ORA-06550: line 13, column 20:
PL/SQL: ORA-01219: database or pluggable database not open: queries allowed on
fixed tables or views only
ORA-06550: line 5, column 5:
PL/SQL: SQL Statement ignored
ORA-06550: line 43, column 10:
PLS-00364: loop index variable 'O' use is invalid
ORA-06550: line 43, column 7:
PL/SQL: Statement ignored


	    from   all_objects ao
                   *
ERROR at line 10:
ORA-01219: database or pluggable database not open: queries allowed on fixed
tables or views only


Disconnected from Oracle Database 12c Enterprise Edition Release 12.1.0.1.0 - 64bit Production
With the Partitioning, OLAP, Advanced Analytics and Real Application Testing options
Post import recreate clones, at Sun Sep 9 02:48:46 MSK 2018

SQL*Plus: Release 12.1.0.1.0 Production on Sun Sep 9 02:48:46 2018

Copyright (c) 1982, 2013, Oracle.  All rights reserved.

Last Successful login time: Sat Sep 08 2018 22:18:04 +03:00

Connected to:
Oracle Database 12c Enterprise Edition Release 12.1.0.1.0 - 64bit Production
With the Partitioning, OLAP, Advanced Analytics and Real Application Testing options


PL/SQL procedure successfully completed.

Disconnected from Oracle Database 12c Enterprise Edition Release 12.1.0.1.0 - 64bit Production
With the Partitioning, OLAP, Advanced Analytics and Real Application Testing options
TTS COMPELTE AT Sun Sep 9 02:48:46 MSK 2018

PL/SQL procedure successfully completed.

Disconnected from Oracle Database 12c Enterprise Edition Release 12.1.0.1.0 - 64bit Production
With the Partitioning, OLAP, Advanced Analytics and Real Application Testing options
