Start create duplicate datebase
Target DB:WEEKLY_NODE
Copy files start at Sat Sep 22 16:30:02 MSK 2018
Recreate NODE WEEKLY_NODE atSat Sep 22 21:43:44 MSK 2018
Drop node WEEKLY_NODE, at Sat Sep 22 21:43:44 MSK 2018

SQL*Plus: Release 12.1.0.1.0 Production on Sat Sep 22 21:43:45 2018

Copyright (c) 1982, 2013, Oracle.  All rights reserved.


Connected to:
Oracle Database 12c Enterprise Edition Release 12.1.0.1.0 - 64bit Production
With the Partitioning, OLAP, Advanced Analytics and Real Application Testing options

old   2:   l_node_name varchar2(50) := '&1';
new   2:   l_node_name varchar2(50) := 'WEEKLY_NODE';
Node: WEEKLY_NODE

PL/SQL procedure successfully completed.

Disconnected from Oracle Database 12c Enterprise Edition Release 12.1.0.1.0 - 64bit Production
With the Partitioning, OLAP, Advanced Analytics and Real Application Testing options
Stop PDB Daemon at Sat Sep 22 21:45:17 MSK 2018

SQL*Plus: Release 12.1.0.1.0 Production on Sat Sep 22 21:45:17 2018

Copyright (c) 1982, 2013, Oracle.  All rights reserved.

Connected.

PL/SQL procedure successfully completed.

Disconnected from Oracle Database 12c Enterprise Edition Release 12.1.0.1.0 - 64bit Production
With the Partitioning, OLAP, Advanced Analytics and Real Application Testing options
Restart TSTCDB at Sat Sep 22 21:45:17 MSK 2018

SQL*Plus: Release 12.1.0.1.0 Production on Sat Sep 22 21:45:17 2018

Copyright (c) 1982, 2013, Oracle.  All rights reserved.


Connected to:
Oracle Database 12c Enterprise Edition Release 12.1.0.1.0 - 64bit Production
With the Partitioning, OLAP, Advanced Analytics and Real Application Testing options

Database closed.
Database dismounted.
ORACLE instance shut down.

ORACLE instance started.
Total System Global Area 2.2448E+10 bytes
Fixed Size		    2693640 bytes
Variable Size		 5502928376 bytes
Database Buffers	 1.6911E+10 bytes
Redo Buffers		   30846976 bytes
Database mounted.
Database opened.

Pluggable database altered.

Connected.

PL/SQL procedure successfully completed.

Disconnected from Oracle Database 12c Enterprise Edition Release 12.1.0.1.0 - 64bit Production
With the Partitioning, OLAP, Advanced Analytics and Real Application Testing options
Start PDB Daemon at Sat Sep 22 22:48:04 MSK 2018
Create source node WEEKLY_NODE, at Sat Sep 22 22:48:04 MSK 2018

SQL*Plus: Release 12.1.0.1.0 Production on Sat Sep 22 22:48:05 2018

Copyright (c) 1982, 2013, Oracle.  All rights reserved.


SQL*Plus: Release 12.1.0.1.0 Production on Sat Sep 22 22:48:05 2018

Copyright (c) 1982, 2013, Oracle.  All rights reserved.


Connected to:
Oracle Database 12c Enterprise Edition Release 12.1.0.1.0 - 64bit Production
With the Partitioning, OLAP, Advanced Analytics and Real Application Testing options


Connected.

Pluggable database created.


Pluggable database altered.


Session altered.


Database altered.


Database altered.


Database altered.


Database altered.


Warning: Function created with compilation errors.

Connected.

Directory created.

Disconnected from Oracle Database 12c Enterprise Edition Release 12.1.0.1.0 - 64bit Production
With the Partitioning, OLAP, Advanced Analytics and Real Application Testing options
Recreate complete at Sat Sep 22 22:48:44 MSK 2018
Convert start at Sat Sep 22 22:48:44 MSK 2018
RMAN> 2> 3> 4> 5> 6> 7> 8> 9> 10> 11> 12> 13> 14> 15> 16> 17> 18> 19> 20> 21> 22> 23> 24> 25> 26> 27> 28> 29> 30> 31> 32> 33> 34> 35> 36> 37> 38> 39> 40> 41> 42> 43> 44> 45> 46> Convert complete at Sun Sep 23 03:36:01 MSK 2018
Import start at Sun Sep 23 03:36:01 MSK 2018

SQL*Plus: Release 12.1.0.1.0 Production

Copyright (c) 1982, 2013, Oracle.  All rights reserved.

Use SQL*Plus to execute SQL, PL/SQL and SQL*Plus statements.

Usage 1: sqlplus -H | -V

    -H		   Displays the SQL*Plus version and the
		   usage help.
    -V		   Displays the SQL*Plus version.

Usage 2: sqlplus [ [<option>] [{logon | /nolog}] [<start>] ]

  <option> is: [-C <version>] [-L] [-M "<options>"] [-NOLOGINTIME] [-R <level>]
	       [-S]

    -C <version>   Sets the compatibility of affected commands to the
		   version specified by <version>.  The version has
		   the form "x.y[.z]".	For example, -C 10.2.0
    -L		   Attempts to log on just once, instead of
		   reprompting on error.
    -M "<options>" Sets automatic HTML markup of output.  The options
		   have the form:
		   HTML [ON|OFF] [HEAD text] [BODY text] [TABLE text]
		   [ENTMAP {ON|OFF}] [SPOOL {ON|OFF}] [PRE[FORMAT] {ON|OFF}]
    -NOLOGINTIME   Don't display Last Successful Login Time.
    -R <level>	   Sets restricted mode to disable SQL*Plus commands
		   that interact with the file system.	The level can
		   be 1, 2 or 3.  The most restrictive is -R 3 which
		   disables all user commands interacting with the
		   file system.
    -S		   Sets silent mode which suppresses the display of
		   the SQL*Plus banner, prompts, and echoing of
		   commands.

  <logon> is: {<username>[/<password>][@<connect_identifier>] | / }
	      [AS {SYSDBA | SYSOPER | SYSASM | SYSBACKUP | SYSDG | SYSKM}] [EDITION=value]

    Specifies the database account username, password and connect
    identifier for the database connection.  Without a connect
    identifier, SQL*Plus connects to the default database.

    The AS SYSDBA, AS SYSOPER, AS SYSASM, AS SYSBACKUP, AS SYSDG,
    and AS SYSKM options are database administration privileges.

    <connect_identifier> can be in the form of Net Service Name
    or Easy Connect.

      @[<net_service_name> | [//]Host[:Port]/<service_name>]

	<net_service_name> is a simple name for a service that resolves
	to a connect descriptor.

	Example: Connect to database using Net Service Name and the
		 database net service name is ORCL.

	   sqlplus myusername/mypassword@ORCL

	Host specifies the host name or IP address of the database
	server computer.

	Port specifies the listening port on the database server.

	<service_name> specifies the service name of the database you
	want to access.

	Example: Connect to database using Easy Connect and the
		 Service name is ORCL.

	   sqlplus myusername/mypassword@Host/ORCL

    The /NOLOG option starts SQL*Plus without connecting to a
    database.

    The EDITION specifies the value for Session Edition.


  <start> is: @<URL>|<filename>[.<ext>] [<parameter> ...]

    Runs the specified SQL*Plus script from a web server (URL) or the
    local file system (filename.ext) with specified parameters that
    will be assigned to substitution variables in the script.

When SQL*Plus starts, and after CONNECT commands, the site profile
(e.g. $ORACLE_HOME/sqlplus/admin/glogin.sql) and the user profile
(e.g. login.sql in the working directory) are run.  The files may
contain SQL*Plus commands.

Refer to the SQL*Plus User's Guide and Reference for more information.
Post import start at Sun Sep 23 03:36:03 MSK 2018

SQL*Plus: Release 12.1.0.1.0 Production on Sun Sep 23 03:36:03 2018

Copyright (c) 1982, 2013, Oracle.  All rights reserved.


Connected to:
Oracle Database 12c Enterprise Edition Release 12.1.0.1.0 - 64bit Production
With the Partitioning, OLAP, Advanced Analytics and Real Application Testing options

	    from   cdb_scheduler_jobs j,
                   *
ERROR at line 13:
ORA-06550: line 13, column 20:
PL/SQL: ORA-01219: database or pluggable database not open: queries allowed on fixed tables or views only
ORA-06550: line 5, column 5:
PL/SQL: SQL Statement ignored
ORA-06550: line 4, column 10:
PLS-00341: declaration of cursor 'L_JOBS_CUR' is incomplete or malformed
ORA-06550: line 23, column 3:
PL/SQL: Item ignored
ORA-06550: line 4, column 10:
PLS-00341: declaration of cursor 'L_JOBS_CUR' is incomplete or malformed
ORA-06550: line 46, column 3:
PL/SQL: Item ignored
ORA-06550: line 70, column 23:
PLS-00597: expression 'L_JOBS' in the INTO list is of wrong type
ORA-06550: line 69, column 3:
PL/SQL: SQL Statement ignored
ORA-06550: line 75, column 25:
PLS-00201: identifier 'I' must be declared
ORA-06550: line 75, column 5:
PL/SQL: Statement ignored


Disconnected from Oracle Database 12c Enterprise Edition Release 12.1.0.1.0 - 64bit Production
With the Partitioning, OLAP, Advanced Analytics and Real Application Testing options

SQL*Plus: Release 12.1.0.1.0 Production on Sun Sep 23 03:36:03 2018

Copyright (c) 1982, 2013, Oracle.  All rights reserved.


Connected to:
Oracle Database 12c Enterprise Edition Release 12.1.0.1.0 - 64bit Production
With the Partitioning, OLAP, Advanced Analytics and Real Application Testing options

grant execute on dbms_lock to inf
*
ERROR at line 1:
ORA-01109: database not open


grant execute on dbms_lock to inf_pn
*
ERROR at line 1:
ORA-01109: database not open


grant execute on dbms_lock to gazfond
*
ERROR at line 1:
ORA-01109: database not open


grant execute on dbms_lock to gazfond_pn
*
ERROR at line 1:
ORA-01109: database not open


grant execute on dbms_lock to fnd
*
ERROR at line 1:
ORA-01109: database not open


grant execute on dbms_lock to cdm
*
ERROR at line 1:
ORA-01109: database not open


Disconnected from Oracle Database 12c Enterprise Edition Release 12.1.0.1.0 - 64bit Production
With the Partitioning, OLAP, Advanced Analytics and Real Application Testing options

SQL*Plus: Release 12.1.0.1.0 Production on Sun Sep 23 03:36:04 2018

Copyright (c) 1982, 2013, Oracle.  All rights reserved.


Connected to:
Oracle Database 12c Enterprise Edition Release 12.1.0.1.0 - 64bit Production
With the Partitioning, OLAP, Advanced Analytics and Real Application Testing options

BEGIN dbms_stats.gather_system_stats(); END;

      *
ERROR at line 1:
ORA-06550: line 1, column 7:
PLS-00201: identifier 'DBMS_STATS.GATHER_SYSTEM_STATS' must be declared
ORA-06550: line 1, column 7:
PL/SQL: Statement ignored


BEGIN sys.dbms_stats.gather_system_stats('START'); END;

      *
ERROR at line 1:
ORA-06550: line 1, column 7:
PLS-00201: identifier 'SYS.DBMS_STATS' must be declared
ORA-06550: line 1, column 7:
PL/SQL: Statement ignored



Session altered.

select /*+ FULL(a) */ count(*) from gazfond_pn.people a
                                               *
ERROR at line 1:
ORA-01219: database or pluggable database not open: queries allowed on fixed tables or views only


BEGIN sys.dbms_stats.gather_system_stats('STOP'); END;

      *
ERROR at line 1:
ORA-06550: line 1, column 7:
PLS-00201: identifier 'SYS.DBMS_STATS' must be declared
ORA-06550: line 1, column 7:
PL/SQL: Statement ignored


Disconnected from Oracle Database 12c Enterprise Edition Release 12.1.0.1.0 - 64bit Production
With the Partitioning, OLAP, Advanced Analytics and Real Application Testing options
Post import repair, at Sun Sep 23 03:36:04 MSK 2018

SQL*Plus: Release 12.1.0.1.0 Production on Sun Sep 23 03:36:04 2018

Copyright (c) 1982, 2013, Oracle.  All rights reserved.


Connected to:
Oracle Database 12c Enterprise Edition Release 12.1.0.1.0 - 64bit Production
With the Partitioning, OLAP, Advanced Analytics and Real Application Testing options

alter table gazfond.documents add REG_DEPT_NUM_FOR_SORT VARCHAR2(14) GENERATED ALWAYS AS (COALESCE(LPAD(REG_DEPT_NUM,14,'0'),'00000000000000')) VIRTUAL  NOT NULL ENABLE
                                  *
ERROR at line 1:
ORA-01109: database not open


alter table gazfond.documents add REG_ACT_NUM_FOR_SORT VARCHAR2(14) GENERATED ALWAYS AS (COALESCE(LPAD(REG_ACT_NUM,14,'0'),'00000000000000')) VIRTUAL  NOT NULL ENABLE
                                  *
ERROR at line 1:
ORA-01109: database not open


alter table gazfond.documents add REG_DOC_NUM_FOR_SORT VARCHAR2(14) GENERATED ALWAYS AS (COALESCE(LPAD(REG_DOC_NUM,14,'0'),'00000000000000')) VIRTUAL  NOT NULL ENABLE
                                  *
ERROR at line 1:
ORA-01109: database not open


alter table gazfond_pn.documents add REG_DEPT_NUM_FOR_SORT VARCHAR2(14) GENERATED ALWAYS AS (COALESCE(LPAD(REG_DEPT_NUM,14,'0'),'00000000000000')) VIRTUAL  NOT NULL ENABLE
                                     *
ERROR at line 1:
ORA-01109: database not open


alter table gazfond_pn.documents add REG_ACT_NUM_FOR_SORT VARCHAR2(14) GENERATED ALWAYS AS (COALESCE(LPAD(REG_ACT_NUM,14,'0'),'00000000000000')) VIRTUAL  NOT NULL ENABLE
                                     *
ERROR at line 1:
ORA-01109: database not open


alter table gazfond_pn.documents add REG_DOC_NUM_FOR_SORT VARCHAR2(14) GENERATED ALWAYS AS (COALESCE(LPAD(REG_DOC_NUM,14,'0'),'00000000000000')) VIRTUAL  NOT NULL ENABLE
                                     *
ERROR at line 1:
ORA-01109: database not open


alter table gazfond.doc_copy add REG_DEPT_NUM_FOR_SORT VARCHAR2(14) GENERATED ALWAYS AS (COALESCE(LPAD(REG_DEPT_NUM,14,'0'),'00000000000000')) VIRTUAL	NOT NULL ENABLE
                                 *
ERROR at line 1:
ORA-01109: database not open


alter table gazfond.doc_copy add REG_ACT_NUM_FOR_SORT VARCHAR2(14) GENERATED ALWAYS AS (COALESCE(LPAD(REG_ACT_NUM,14,'0'),'00000000000000')) VIRTUAL  NOT NULL ENABLE
                                 *
ERROR at line 1:
ORA-01109: database not open


alter table gazfond.doc_copy add REG_DOC_NUM_FOR_SORT VARCHAR2(14) GENERATED ALWAYS AS (COALESCE(LPAD(REG_DOC_NUM,14,'0'),'00000000000000')) VIRTUAL  NOT NULL ENABLE
                                 *
ERROR at line 1:
ORA-01109: database not open


alter table gazfond_pn.doc_copy add REG_DEPT_NUM_FOR_SORT VARCHAR2(14) GENERATED ALWAYS AS (COALESCE(LPAD(REG_DEPT_NUM,14,'0'),'00000000000000')) VIRTUAL  NOT NULL ENABLE
                                    *
ERROR at line 1:
ORA-01109: database not open


alter table gazfond_pn.doc_copy add REG_ACT_NUM_FOR_SORT VARCHAR2(14) GENERATED ALWAYS AS (COALESCE(LPAD(REG_ACT_NUM,14,'0'),'00000000000000')) VIRTUAL  NOT NULL ENABLE
                                    *
ERROR at line 1:
ORA-01109: database not open


alter table gazfond_pn.doc_copy add REG_DOC_NUM_FOR_SORT VARCHAR2(14) GENERATED ALWAYS AS (COALESCE(LPAD(REG_DOC_NUM,14,'0'),'00000000000000')) VIRTUAL  NOT NULL ENABLE
                                    *
ERROR at line 1:
ORA-01109: database not open


CREATE INDEX BNA.IDX_KPPPSW_DEPT ON BNA.KPP_PASS (BNA.KPP_GET_DEPT(ID)) PARALLEL 5
*
ERROR at line 1:
ORA-01109: database not open


CREATE INDEX FND.IDX_IZM_REF_MEM ON FND.IZMENENIYA (FND.IZM_REFERS_MEMBER(KOD_IZM))  PARALLEL 5
*
ERROR at line 1:
ORA-01109: database not open


CREATE INDEX FND.IDX_NUM_VAL ON FND.IZM_KEY_VAL (FND.SAFE_TO_NUMBER(VAL))  PARALLEL 5
*
ERROR at line 1:
ORA-01109: database not open


CREATE INDEX FND.IDX_REG_DOC_FN_ISH ON FND.REG_DOC_INSZ (FND.REG_GET_DOC_ISH(KOD_INSZ))  PARALLEL 5
*
ERROR at line 1:
ORA-01109: database not open


CREATE INDEX FND.IDX_SVID_DATNOMDOG ON FND.DOC_SVID (FND.SVID_GET_DATA_NOM_DOG(DATA_DOG,NOM_DOG)) PARALLEL 5
*
ERROR at line 1:
ORA-01109: database not open


CREATE INDEX GAZFOND.DOCUMENT_REGDEPTACTNUM_IDX ON GAZFOND.DOCUMENTS (REG_DEPT_NUM_FOR_SORT, REG_ACT_NUM_FOR_SORT, REG_DOC_NUM_FOR_SORT)  PARALLEL 5
*
ERROR at line 1:
ORA-01109: database not open


CREATE INDEX GAZFOND.DOC_COPY_REGDEPTACTNUM_IDX ON GAZFOND.DOC_COPY (REG_DEPT_NUM_FOR_SORT, REG_ACT_NUM_FOR_SORT, REG_DOC_NUM_FOR_SORT)  PARALLEL 5
*
ERROR at line 1:
ORA-01109: database not open


CREATE INDEX GAZFOND_PN.DOCUMENT_REGDEPTACTNUM_IDX ON GAZFOND_PN.DOCUMENTS (REG_DEPT_NUM_FOR_SORT, REG_ACT_NUM_FOR_SORT, REG_DOC_NUM_FOR_SORT)	PARALLEL 5
*
ERROR at line 1:
ORA-01109: database not open


CREATE INDEX GAZFOND_PN.DOC_COPY_REGDEPTACTNUM_IDX ON GAZFOND_PN.DOC_COPY (REG_DEPT_NUM_FOR_SORT, REG_ACT_NUM_FOR_SORT, REG_DOC_NUM_FOR_SORT)  PARALLEL 5
*
ERROR at line 1:
ORA-01109: database not open


	    from   all_objects ao
                   *
ERROR at line 13:
ORA-06550: line 13, column 20:
PL/SQL: ORA-01219: database or pluggable database not open: queries allowed on fixed tables or views only
ORA-06550: line 5, column 5:
PL/SQL: SQL Statement ignored
ORA-06550: line 43, column 10:
PLS-00364: loop index variable 'O' use is invalid
ORA-06550: line 43, column 7:
PL/SQL: Statement ignored


	    from   all_objects ao
                   *
ERROR at line 10:
ORA-01219: database or pluggable database not open: queries allowed on fixed tables or views only


Disconnected from Oracle Database 12c Enterprise Edition Release 12.1.0.1.0 - 64bit Production
With the Partitioning, OLAP, Advanced Analytics and Real Application Testing options
Post import recreate clones, at Sun Sep 23 03:36:04 MSK 2018

SQL*Plus: Release 12.1.0.1.0 Production on Sun Sep 23 03:36:04 2018

Copyright (c) 1982, 2013, Oracle.  All rights reserved.

Last Successful login time: Sat Sep 22 2018 22:48:05 +03:00

Connected to:
Oracle Database 12c Enterprise Edition Release 12.1.0.1.0 - 64bit Production
With the Partitioning, OLAP, Advanced Analytics and Real Application Testing options


PL/SQL procedure successfully completed.

Disconnected from Oracle Database 12c Enterprise Edition Release 12.1.0.1.0 - 64bit Production
With the Partitioning, OLAP, Advanced Analytics and Real Application Testing options
TTS COMPELTE AT Sun Sep 23 03:36:06 MSK 2018
