
SQL*Loader: Release 12.2.0.1.0 - Production on Sat Oct 20 23:53:10 2018

Copyright (c) 1982, 2017, Oracle and/or its affiliates.  All rights reserved.

Control File:   ././ulcase1.ctl
Data File:      ././ulcase1.ctl
  Bad File:     ././ulcase1.bad
  Discard File:  none specified
 
 (Allow all discards)

Number to load: ALL
Number to skip: 0
Errors allowed: 50
Bind array:     64 rows, maximum of 256000 bytes
Continuation:    none specified
Path used:      Conventional

Table DEPT, loaded from every logical record.
Insert option in effect for this table: INSERT

   Column Name                  Position   Len  Term Encl Datatype
------------------------------ ---------- ----- ---- ---- ---------------------
DEPTNO                              FIRST     *   ,  O(") CHARACTER            
DNAME                                NEXT     *   ,  O(") CHARACTER            
LOC                                  NEXT     *   ,  O(") CHARACTER            


Table DEPT:
  7 Rows successfully loaded.
  0 Rows not loaded due to data errors.
  0 Rows not loaded because all WHEN clauses were failed.
  0 Rows not loaded because all fields were null.


Space allocated for bind array:                  49536 bytes(64 rows)
Read   buffer bytes: 1048576

Total logical records skipped:          0
Total logical records read:             7
Total logical records rejected:         0
Total logical records discarded:        0

Run began on Sat Oct 20 23:53:10 2018
Run ended on Sat Oct 20 23:53:11 2018

Elapsed time was:     00:00:00.47
CPU time was:         00:00:00.03
