
SQL*Loader: Release 12.2.0.1.0 - Production on Sun Oct 21 00:18:03 2018

Copyright (c) 1982, 2017, Oracle and/or its affiliates.  All rights reserved.

Control File:   ./ulcase6.ctl
Data File:      ././ulcase6.dat
  Bad File:     ./ulcase6.bad
  Discard File:  none specified
 
 (Allow all discards)

Number to load: ALL
Number to skip: 0
Errors allowed: 50
Continuation:    none specified
Path used:      Direct

Table EMP, loaded from every logical record.
Insert option in effect for this table: REPLACE

   Column Name                  Position   Len  Term Encl Datatype
------------------------------ ---------- ----- ---- ---- ---------------------
EMPNO                                 1:4     4           CHARACTER            
ENAME                                6:15    10           CHARACTER            
JOB                                 17:25     9           CHARACTER            
MGR                                 27:30     4           CHARACTER            
    NULL if MGR = BLANKS
SAL                                 32:39     8           CHARACTER            
    NULL if SAL = BLANKS
COMM                                41:48     8           CHARACTER            
    NULL if COMM = BLANKS
DEPTNO                              50:51     2           CHARACTER            
    NULL if EMPNO = BLANKS

The following index(es) on table EMP were processed:
index SCOTT.EMPIX loaded successfully with 7 keys

Table EMP:
  7 Rows successfully loaded.
  0 Rows not loaded due to data errors.
  0 Rows not loaded because all WHEN clauses were failed.
  0 Rows not loaded because all fields were null.

Bind array size not used in direct path.
Column array  rows :    5000
Stream buffer bytes:  256000
Read   buffer bytes: 1048576

Total logical records skipped:          0
Total logical records read:             7
Total logical records rejected:         0
Total logical records discarded:        0
Total stream buffers loaded by SQL*Loader main thread:        1
Total stream buffers loaded by SQL*Loader load thread:        0

Run began on Sun Oct 21 00:18:03 2018
Run ended on Sun Oct 21 00:18:15 2018

Elapsed time was:     00:00:11.71
CPU time was:         00:00:00.05
