
SQL*Plus: Release 12.2.0.1.0 Production on Thu Jan 17 09:35:13 2019

Copyright (c) 1982, 2016, Oracle.  All rights reserved.

Type PDH user name [dev_pdh]: Type PDH user password [dev_pdh]: 
Connected.

Connection
------------------------------------------------------------------------------------------------------------------------
Connected to ORCLPDB1 as DEV_PDH at 01/17/2019 06:35:21


General install
---------------------------------------------------------
01/17/2019 06:35:21

Create tables
Create pdh_inst_extensions_t.sql

Sequence created.

    primary key using index tablespace PDH_INDX,
                                       *
ERROR at line 4:
ORA-00959: tablespace 'PDH_INDX' does not exist



Sequence created.

    primary key using index tablespace PDH_INDX,
                                       *
ERROR at line 3:
ORA-00959: tablespace 'PDH_INDX' does not exist



Complete create tables

Create packages
Create pdh_inst_extensions_def.pks

Package created.

No errors.
Create pdh_inst_extensions_api.pks

Warning: Package created with compilation errors.

Errors for PACKAGE PDH_INST_EXTENSIONS_API:

LINE/COL ERROR
-------- -----------------------------------------------------------------
8/3	 PL/SQL: Declaration ignored
9/21	 PLS-00201: identifier 'PDH_INST_EXTENSIONS_T.EXT_CODE' must be
	 declared

12/3	 PL/SQL: Declaration ignored
13/21	 PLS-00201: identifier 'PDH_INST_EXTENSIONS_T.EXT_ID' must be
	 declared

16/3	 PL/SQL: Declaration ignored
17/21	 PLS-00201: identifier 'PDH_INST_EXTENSIONS_T.EXT_ID' must be
	 declared

20/3	 PL/SQL: Declaration ignored
21/21	 PLS-00201: identifier 'PDH_INST_EXTENSIONS_T.EXT_CODE' must be
	 declared

25/3	 PL/SQL: Declaration ignored
26/26	 PLS-00201: identifier 'PDH_INST_EXTENSIONS_T.EXT_ID' must be
	 declared

34/3	 PL/SQL: Declaration ignored
35/22	 PLS-00201: identifier 'PDH_INST_EXTENSIONS_T.EXT_ID' must be
	 declared

Create pdh_inst_extensions_pub.pks

Warning: Package created with compilation errors.

Errors for PACKAGE PDH_INST_EXTENSIONS_PUB:

LINE/COL ERROR
-------- -----------------------------------------------------------------
14/3	 PL/SQL: Declaration ignored
15/17	 PLS-00201: identifier 'PDH_INST_EXTENSIONS_T.EXT_CODE' must be
	 declared

27/3	 PL/SQL: Declaration ignored
28/19	 PLS-00201: identifier 'PDH_INST_EXTENSIONS_T.EXT_CODE' must be
	 declared

42/3	 PL/SQL: Declaration ignored
43/19	 PLS-00201: identifier 'PDH_INST_EXTENSIONS_T.EXT_CODE' must be
	 declared


Complete create packages

Create synonyms
Create pdh_install.sql

Complete create synonyms

Create package bodies
Create pdh_inst_extensions_api.pkb

Warning: Package Body created with compilation errors.

Errors for PACKAGE BODY PDH_INST_EXTENSIONS_API:

LINE/COL ERROR
-------- -----------------------------------------------------------------
0/0	 PL/SQL: Compilation unit analysis terminated
1/14	 PLS-00304: cannot compile body of 'PDH_INST_EXTENSIONS_API'
	 without its specification

1/14	 PLS-00905: object DEV_PDH.PDH_INST_EXTENSIONS_API is invalid
Create pdh_inst_extensions_pub.pkb

Warning: Package Body created with compilation errors.

Errors for PACKAGE BODY PDH_INST_EXTENSIONS_PUB:

LINE/COL ERROR
-------- -----------------------------------------------------------------
0/0	 PL/SQL: Compilation unit analysis terminated
1/14	 PLS-00304: cannot compile body of 'PDH_INST_EXTENSIONS_PUB'
	 without its specification

1/14	 PLS-00905: object DEV_PDH.PDH_INST_EXTENSIONS_PUB is invalid

Complete create package bodies


Install complete at
---------------------------------------------------------
01/17/2019 06:35:29

Disconnected from Oracle Database 12c Enterprise Edition Release 12.2.0.1.0 - 64bit Production
