
SQL*Plus: Release 12.2.0.1.0 Production on Thu Jan 17 15:57:29 2019

Copyright (c) 1982, 2016, Oracle.  All rights reserved.

Type PDH user name [dev_pdh]: Type PDH user password [dev_pdh]: 
Connected.

Connection
------------------------------------------------------------------------------------------------------------------------
Connected to ORCLPDB1 as DEV_PDH at 01/17/2019 12:57:31


General install
---------------------------------------------------------
01/17/2019 12:57:31

Create tables
Create pdh_inst_extensions_t.sql
create sequence pdh_inst_extensions_seq start with 1 order nocache
                *
ERROR at line 1:
ORA-00955: name is already used by an existing object


create table pdh_inst_extensions_t(
             *
ERROR at line 1:
ORA-00955: name is already used by an existing object


create sequence pdh_inst_extension_hist_seq start with 1 order nocache
                *
ERROR at line 1:
ORA-00955: name is already used by an existing object


create table pdh_inst_extension_hist_t(
             *
ERROR at line 1:
ORA-00955: name is already used by an existing object



Complete create tables

Create packages
Create pdh_inst_extensions_def.pks

Package created.

No errors.
Create pdh_inst_extensions_api.pks

Package created.

No errors.
Create pdh_inst_extensions_pub.pks

Package created.

No errors.

Complete create packages

Create synonyms
Create pdh_install.sql

Complete create synonyms

Create package bodies
Create pdh_inst_extensions_api.pkb

Package body created.

No errors.
Create pdh_inst_extensions_pub.pkb

Package body created.

No errors.

Complete create package bodies

  l_version pdh_inst_extensions_t.version%type := '1.0.1';
                                  *
ERROR at line 2:
ORA-06550: line 2, column 35:
PLS-00302: component 'VERSION' must be declared
ORA-06550: line 2, column 13:
PL/SQL: Item ignored
ORA-06550: line 7, column 20:
PLS-00320: the declaration of the type of this expression is incomplete or malformed
ORA-06550: line 4, column 3:
PL/SQL: Statement ignored
ORA-06550: line 11, column 21:
PLS-00320: the declaration of the type of this expression is incomplete or malformed
ORA-06550: line 9, column 3:
PL/SQL: Statement ignored



Install complete at
---------------------------------------------------------
01/17/2019 12:57:31

Disconnected from Oracle Database 12c Enterprise Edition Release 12.2.0.1.0 - 64bit Production
