
SQL*Plus: Release 12.2.0.1.0 Production on Tue Jan 22 04:47:51 2019

Copyright (c) 1982, 2016, Oracle.  All rights reserved.

Type PDH user name [prod_pdh]: Type PDH user password [PROD_PDH]: 
ERROR:
ORA-01017: invalid username/password; logon denied


SP2-0640: Not connected
SP2-0640: Not connected
Create tables
Create pdh_inst_extensions_t.sql
SP2-0640: Not connected
SP2-0640: Not connected
SP2-0640: Not connected
SP2-0640: Not connected

Complete create tables

Create packages
Create pdh_inst_extensions_def.pks
SP2-0640: Not connected
SP2-0640: Not connected
SP2-0641: "SHOW ERRORS" requires connection to server
Create pdh_inst_extensions_api.pks
SP2-0640: Not connected
SP2-0640: Not connected
SP2-0641: "SHOW ERRORS" requires connection to server
Create pdh_inst_extensions_pub.pks
SP2-0640: Not connected
SP2-0640: Not connected
SP2-0641: "SHOW ERRORS" requires connection to server

Complete create packages

Create synonyms
Create pdh_install.sql

Complete create synonyms

Create package bodies
Create pdh_inst_extensions_api.pkb
SP2-0640: Not connected
SP2-0640: Not connected
SP2-0641: "SHOW ERRORS" requires connection to server
Create pdh_inst_extensions_pub.pkb
SP2-0640: Not connected
SP2-0640: Not connected
SP2-0641: "SHOW ERRORS" requires connection to server

Complete create package bodies

SP2-0640: Not connected
SP2-0640: Not connected
