Start duplicate DB at Tue Jul 10 15:06:00 MSK 2018

SQL*Plus: Release 12.1.0.1.0 Production on Tue Jul 10 15:06:00 2018

Copyright (c) 1982, 2013, Oracle.  All rights reserved.

Connected to an idle instance.
ERROR:
ORA-01034: ORACLE not available
Process ID: 0
Session ID: 0 Serial number: 0


SP2-1545: This feature requires Database availability.
alter pluggable database tstdb_node close immediate
*
ERROR at line 1:
ORA-01034: ORACLE not available
Process ID: 0
Session ID: 0 Serial number: 0


drop pluggable database tstdb_node
*
ERROR at line 1:
ORA-01034: ORACLE not available
Process ID: 0
Session ID: 0 Serial number: 0


ERROR:
ORA-01034: ORACLE not available
Process ID: 0
Session ID: 0 Serial number: 0


SP2-1545: This feature requires Database availability.
ORA-01034: ORACLE not available
ORA-27101: shared memory realm does not exist
IBM AIX RISC System/6000 Error: 2: No such file or directory
Disconnected
Prepare complete at Tue Jul 10 15:06:01 MSK 2018

SQL*Plus: Release 12.1.0.1.0 Production on Tue Jul 10 15:06:01 2018

Copyright (c) 1982, 2013, Oracle.  All rights reserved.

Connected.
ORA-01081: cannot start already-running ORACLE - shut it down first
Disconnected from Oracle Database 12c Enterprise Edition Release 12.1.0.1.0 - 64bit Production
With the Partitioning, OLAP, Advanced Analytics and Real Application Testing options
RMAN> 2> 3> 4> 5> 6> 7> 8> 9> 10> 11> 12> 13> Create duplicate complete at Tue Jul 10 17:23:36 MSK 2018

SQL*Plus: Release 12.1.0.1.0 Production on Tue Jul 10 17:23:36 2018

Copyright (c) 1982, 2013, Oracle.  All rights reserved.

Connected.

System altered.


System altered.


System altered.


User altered.


User altered.


System altered.


System altered.


System altered.

Database closed.
Database dismounted.
ORACLE instance shut down.
ORACLE instance started.

Total System Global Area 2,5655E+10 bytes
Fixed Size		    2767776 bytes
Variable Size		 7516193888 bytes
Database Buffers	 1,8052E+10 bytes
Redo Buffers		   83505152 bytes
Database mounted.

Database altered.

ORA-01109: database not open


Database dismounted.
ORACLE instance shut down.
ORACLE instance started.

Total System Global Area 2,5655E+10 bytes
Fixed Size		    2767776 bytes
Variable Size		 7516193888 bytes
Database Buffers	 1,8052E+10 bytes
Redo Buffers		   83505152 bytes
Database mounted.
Database opened.

1 row updated.


1 row updated.


User altered.


User altered.


User altered.


User altered.


Grant succeeded.


Grant succeeded.

grant execute dbms_lock to gazfond
      *
ERROR at line 1:
ORA-00990: missing or invalid privilege


grant execute dbms_lock to gazfond_pn
      *
ERROR at line 1:
ORA-00990: missing or invalid privilege


grant execute dbms_lock to fnd
      *
ERROR at line 1:
ORA-00990: missing or invalid privilege


grant execute dbms_lock to cdm
      *
ERROR at line 1:
ORA-00990: missing or invalid privilege



Grant succeeded.


Grant succeeded.


Trigger created.


Trigger created.

Disconnected from Oracle Database 12c Enterprise Edition Release 12.1.0.1.0 - 64bit Production
With the Partitioning, OLAP, Advanced Analytics and Real Application Testing options
Post duplicat complete at Tue Jul 10 17:25:02 MSK 2018
Plugin TSTDB to TSTCDB

SQL*Plus: Release 12.1.0.1.0 Production on Tue Jul 10 17:25:02 2018

Copyright (c) 1982, 2013, Oracle.  All rights reserved.

Connected.
Database closed.
Database dismounted.
ORACLE instance shut down.
ORACLE instance started.

Total System Global Area 2,5655E+10 bytes
Fixed Size		    2767776 bytes
Variable Size		 7516193888 bytes
Database Buffers	 1,8052E+10 bytes
Redo Buffers		   83505152 bytes
Database mounted.

Database altered.


PL/SQL procedure successfully completed.

Database closed.
Database dismounted.
ORACLE instance shut down.
Disconnected from Oracle Database 12c Enterprise Edition Release 12.1.0.1.0 - 64bit Production
With the Partitioning, OLAP, Advanced Analytics and Real Application Testing options
Plugin TSTDB to TSTCDB at Tue Jul 10 17:25:53 MSK 2018
Complete plugin at Tue Jul 10 17:26:37 MSK 2018
Plugin complete at Tue Jul 10 17:26:37 MSK 2018
