Start duplicate DB at Sat Aug 11 05:30:00 MSK 2018

SQL*Plus: Release 12.1.0.1.0 Production on Sat Aug 11 05:30:00 2018

Copyright (c) 1982, 2013, Oracle.  All rights reserved.

Connected.

    CON_ID CON_NAME			  OPEN MODE  RESTRICTED
---------- ------------------------------ ---------- ----------
	 2 PDB$SEED			  READ ONLY  NO
	 3 PDB_ROOT			  MOUNTED
	 4 TSTDB			  READ WRITE NO

Pluggable database altered.


Pluggable database dropped.


    CON_ID CON_NAME			  OPEN MODE  RESTRICTED
---------- ------------------------------ ---------- ----------
	 2 PDB$SEED			  READ ONLY  NO
	 3 PDB_ROOT			  MOUNTED
Database closed.
Database dismounted.
ORACLE instance shut down.
Disconnected from Oracle Database 12c Enterprise Edition Release 12.1.0.1.0 - 64bit Production
With the Partitioning, OLAP, Advanced Analytics and Real Application Testing options
Prepare complete at Sat Aug 11 05:30:57 MSK 2018

SQL*Plus: Release 12.1.0.1.0 Production on Sat Aug 11 05:30:57 2018

Copyright (c) 1982, 2013, Oracle.  All rights reserved.

Connected to an idle instance.
ORACLE instance started.

Total System Global Area 2,5655E+10 bytes
Fixed Size		    2767776 bytes
Variable Size		 7516193888 bytes
Database Buffers	 1,8052E+10 bytes
Redo Buffers		   83505152 bytes
Disconnected from Oracle Database 12c Enterprise Edition Release 12.1.0.1.0 - 64bit Production
With the Partitioning, OLAP, Advanced Analytics and Real Application Testing options
RMAN> 2> 3> 4> 5> 6> 7> 8> 9> 10> 11> 12> 13> Create duplicate complete at Sat Aug 11 07:39:48 MSK 2018

SQL*Plus: Release 12.1.0.1.0 Production on Sat Aug 11 07:39:49 2018

Copyright (c) 1982, 2013, Oracle.  All rights reserved.

Connected.

System altered.


System altered.


System altered.


User altered.


User altered.


System altered.


System altered.


System altered.

Database closed.
Database dismounted.
ORACLE instance shut down.
ORACLE instance started.

Total System Global Area 2,5655E+10 bytes
Fixed Size		    2767776 bytes
Variable Size		 7516193888 bytes
Database Buffers	 1,8052E+10 bytes
Redo Buffers		   83505152 bytes
Database mounted.

Database altered.

ORA-01109: database not open


Database dismounted.
ORACLE instance shut down.
ORACLE instance started.

Total System Global Area 2,5655E+10 bytes
Fixed Size		    2767776 bytes
Variable Size		 7516193888 bytes
Database Buffers	 1,8052E+10 bytes
Redo Buffers		   83505152 bytes
Database mounted.
Database opened.

1 row updated.


1 row updated.


User altered.


User altered.


User altered.


User altered.


Grant succeeded.


Grant succeeded.


Grant succeeded.


Grant succeeded.


Grant succeeded.


Grant succeeded.


Grant succeeded.


Grant succeeded.


Trigger created.


Trigger created.

Disconnected from Oracle Database 12c Enterprise Edition Release 12.1.0.1.0 - 64bit Production
With the Partitioning, OLAP, Advanced Analytics and Real Application Testing options
Post duplicate complete at Sat Aug 11 07:41:02 MSK 2018
Plugin TSTDB to TSTCDB

SQL*Plus: Release 12.1.0.1.0 Production on Sat Aug 11 07:41:02 2018

Copyright (c) 1982, 2013, Oracle.  All rights reserved.

Connected.
Database closed.
Database dismounted.
ORACLE instance shut down.
ORACLE instance started.

Total System Global Area 2,5655E+10 bytes
Fixed Size		    2767776 bytes
Variable Size		 7516193888 bytes
Database Buffers	 1,8052E+10 bytes
Redo Buffers		   83505152 bytes
Database mounted.

Database altered.


PL/SQL procedure successfully completed.

Database closed.
Database dismounted.
ORACLE instance shut down.
Disconnected from Oracle Database 12c Enterprise Edition Release 12.1.0.1.0 - 64bit Production
With the Partitioning, OLAP, Advanced Analytics and Real Application Testing options
Apply plugin_to_tstcdb.sql 1 RUN
Apply plugin_to_tstcdb.sql 2 RUN
Plugin complete at Sat Aug 11 08:46:28 MSK 2018
TTS prepare start

SQL*Plus: Release 12.1.0.1.0 Production on Sat Aug 11 08:46:28 2018

Copyright (c) 1982, 2013, Oracle.  All rights reserved.

Connected.

Table created.

Disconnected from Oracle Database 12c Enterprise Edition Release 12.1.0.1.0 - 64bit Production
With the Partitioning, OLAP, Advanced Analytics and Real Application Testing options

SQL*Plus: Release 12.1.0.1.0 Production on Sat Aug 11 08:46:29 2018

Copyright (c) 1982, 2013, Oracle.  All rights reserved.

Connected.

600 rows created.


Commit complete.


Index dropped.


Index dropped.


Index dropped.


Index dropped.


Index dropped.


Table dropped.


Function dropped.


Function dropped.


Type dropped.


Type dropped.


Type dropped.


Type dropped.


Index dropped.


Table altered.


Table altered.


Table altered.


Index dropped.


Table altered.


Table altered.


Table altered.


Index dropped.


Table altered.


Table altered.


Table altered.


Index dropped.


Table altered.


Table altered.


Table altered.


Table created.

from   gazfond.ISC_ACL
               *
ERROR at line 3:
ORA-00942: table or view does not exist



Table created.


Table dropped.

drop table gazfond.ISC_ACL
                   *
ERROR at line 1:
ORA-00942: table or view does not exist



Table dropped.

drop table gazfond.ISC_SRV
                   *
ERROR at line 1:
ORA-00942: table or view does not exist



Table created.


Index created.


Index created.


Index created.


Index created.


Comment created.


Comment created.


Comment created.


Comment created.


Comment created.


Comment created.


Comment created.


Comment created.


Comment created.


Comment created.


Table created.


Index created.


Index created.


Index created.


Comment created.


Comment created.


Comment created.


Comment created.


Comment created.


Comment created.


Comment created.


Comment created.


Comment created.


Comment created.


Table created.


3 rows created.

insert into GAZFOND.ISC_ACL select * from GAZFOND.ISC_ACL$
                                                  *
ERROR at line 1:
ORA-00942: table or view does not exist



0 rows created.


Table dropped.

drop table gazfond.ISC_ACL$
                   *
ERROR at line 1:
ORA-00942: table or view does not exist



Table dropped.


Table created.


Table created.


Table dropped.


Table dropped.

drop table gazfond_pn.ISC_SRV
                      *
ERROR at line 1:
ORA-00942: table or view does not exist



Table created.


Index created.


Index created.


Index created.


Index created.


Comment created.


Comment created.


Comment created.


Comment created.


Comment created.


Comment created.


Comment created.


Comment created.


Comment created.


Comment created.


Table created.


Index created.


Index created.


Index created.


Comment created.


Comment created.


Comment created.


Comment created.


Comment created.


Comment created.


Comment created.


Comment created.


Comment created.


Comment created.


Table created.


3 rows created.


0 rows created.


Table dropped.


Table dropped.


Table altered.


Table altered.


Table altered.


Table altered.


Table altered.


Table altered.


Table altered.


Table altered.


Table altered.


Table altered.


Table altered.


Table altered.


Table altered.


Table altered.


Table altered.


Table altered.


Table altered.


Table altered.


Table altered.


Table altered.


Table altered.


Table altered.


Table altered.


Table altered.


PL/SQL procedure successfully completed.


PL/SQL procedure successfully completed.


Directory created.


Database altered.

Disconnected from Oracle Database 12c Enterprise Edition Release 12.1.0.1.0 - 64bit Production
With the Partitioning, OLAP, Advanced Analytics and Real Application Testing options
TTS export start
TTS export complete
Prepar TTS complete at Sat Aug 11 09:14:28 MSK 2018
