Start duplicate DB at Wed Jul 11 12:17:36 MSK 2018
Prepare complete at Wed Jul 11 12:17:36 MSK 2018
Create duplicate complete at Wed Jul 11 12:17:36 MSK 2018
Post duplicate complete at Wed Jul 11 12:17:36 MSK 2018
Plugin TSTDB to TSTCDB
Plugin complete at Wed Jul 11 12:17:36 MSK 2018

SQL*Plus: Release 12.1.0.1.0 Production on Wed Jul 11 12:17:36 2018

Copyright (c) 1982, 2013, Oracle.  All rights reserved.

Connected.
create table vbz.tts_invalids_t(
                 *
ERROR at line 1:
ORA-00955: name is already used by an existing object


Disconnected from Oracle Database 12c Enterprise Edition Release 12.1.0.1.0 - 64bit Production
With the Partitioning, OLAP, Advanced Analytics and Real Application Testing options

SQL*Plus: Release 12.1.0.1.0 Production on Wed Jul 11 12:17:37 2018

Copyright (c) 1982, 2013, Oracle.  All rights reserved.

Connected.

599 rows created.


Commit complete.


Index dropped.


Index dropped.


Index dropped.


Index dropped.


Index dropped.


Table dropped.


Function dropped.


Function dropped.


Type dropped.


Type dropped.


Type dropped.


Type dropped.


Index dropped.


Table altered.


Table altered.


Table altered.


Index dropped.


Table altered.


Table altered.


Table altered.


Index dropped.


Table altered.


Table altered.


Table altered.


Index dropped.


Table altered.


Table altered.


Table altered.


Table created.

from   gazfond.ISC_ACL
               *
ERROR at line 3:
ORA-00942: table or view does not exist



Table created.


Table dropped.

drop table gazfond.ISC_ACL
                   *
ERROR at line 1:
ORA-00942: table or view does not exist



Table dropped.

drop table gazfond.ISC_SRV
                   *
ERROR at line 1:
ORA-00942: table or view does not exist



Table created.


Index created.


Index created.


Index created.


Index created.


Comment created.


Comment created.


Comment created.


Comment created.


Comment created.


Comment created.


Comment created.


Comment created.


Comment created.


Comment created.


Table created.


Index created.


Index created.


Index created.


Comment created.


Comment created.


Comment created.


Comment created.


Comment created.


Comment created.


Comment created.


Comment created.


Comment created.


Comment created.


Table created.


3 rows created.

insert into GAZFOND.ISC_ACL select * from GAZFOND.ISC_ACL$
                                                  *
ERROR at line 1:
ORA-00942: table or view does not exist



0 rows created.


Table dropped.

drop table gazfond.ISC_ACL$
                   *
ERROR at line 1:
ORA-00942: table or view does not exist



Table dropped.


Table created.


Table created.


Table dropped.


Table dropped.

drop table gazfond_pn.ISC_SRV
                      *
ERROR at line 1:
ORA-00942: table or view does not exist



Table created.


Index created.


Index created.


Index created.


Index created.


Comment created.


Comment created.


Comment created.


Comment created.


Comment created.


Comment created.


Comment created.


Comment created.


Comment created.


Comment created.


Table created.


Index created.


Index created.


Index created.


Comment created.


Comment created.


Comment created.


Comment created.


Comment created.


Comment created.


Comment created.


Comment created.


Comment created.


Comment created.


Table created.


3 rows created.


0 rows created.


Table dropped.


Table dropped.


Table altered.


Table altered.


Table altered.


Table altered.


Table altered.


Table altered.


Table altered.


Table altered.


Table altered.


Table altered.


Table altered.


Table altered.


Table altered.


Table altered.


Table altered.


Table altered.


Table altered.


Table altered.


Table altered.


Table altered.


Table altered.


Table altered.


Table altered.


Table altered.


PL/SQL procedure successfully completed.


PL/SQL procedure successfully completed.


Directory created.


Database altered.

Disconnected from Oracle Database 12c Enterprise Edition Release 12.1.0.1.0 - 64bit Production
With the Partitioning, OLAP, Advanced Analytics and Real Application Testing options
