Start duplicate DB at Thu Jul 12 08:32:00 MSK 2018

SQL*Plus: Release 12.1.0.1.0 Production on Thu Jul 12 08:32:01 2018

Copyright (c) 1982, 2013, Oracle.  All rights reserved.

Connected.

    CON_ID CON_NAME			  OPEN MODE  RESTRICTED
---------- ------------------------------ ---------- ----------
	 2 PDB$SEED			  READ ONLY  NO
	 3 PDB_ROOT			  MOUNTED
	 4 TSTDB			  READ WRITE NO
alter pluggable database tstdb_node close immediate
*
ERROR at line 1:
ORA-65011: Pluggable database TSTDB_NODE does not exist.


drop pluggable database tstdb_node
*
ERROR at line 1:
ORA-65011: Pluggable database TSTDB_NODE does not exist.



    CON_ID CON_NAME			  OPEN MODE  RESTRICTED
---------- ------------------------------ ---------- ----------
	 2 PDB$SEED			  READ ONLY  NO
	 3 PDB_ROOT			  MOUNTED
	 4 TSTDB			  READ WRITE NO
Database closed.
Database dismounted.
ORACLE instance shut down.
Disconnected from Oracle Database 12c Enterprise Edition Release 12.1.0.1.0 - 64bit Production
With the Partitioning, OLAP, Advanced Analytics and Real Application Testing options
Prepare complete at Thu Jul 12 08:32:57 MSK 2018

SQL*Plus: Release 12.1.0.1.0 Production on Thu Jul 12 08:32:57 2018

Copyright (c) 1982, 2013, Oracle.  All rights reserved.

Connected to an idle instance.
ORACLE instance started.

Total System Global Area 2,5655E+10 bytes
Fixed Size		    2767776 bytes
Variable Size		 7516193888 bytes
Database Buffers	 1,8052E+10 bytes
Redo Buffers		   83505152 bytes
Disconnected from Oracle Database 12c Enterprise Edition Release 12.1.0.1.0 - 64bit Production
With the Partitioning, OLAP, Advanced Analytics and Real Application Testing options
RMAN> 2> 3> 4> 5> 6> 7> 8> 9> 10> 11> 12> 13> Create duplicate complete at Thu Jul 12 11:03:24 MSK 2018

SQL*Plus: Release 12.1.0.1.0 Production on Thu Jul 12 11:03:24 2018

Copyright (c) 1982, 2013, Oracle.  All rights reserved.

Connected.

System altered.


System altered.


System altered.


User altered.


User altered.


System altered.


System altered.


System altered.

Database closed.
Database dismounted.
ORACLE instance shut down.
ORACLE instance started.

Total System Global Area 2,5655E+10 bytes
Fixed Size		    2767776 bytes
Variable Size		 7516193888 bytes
Database Buffers	 1,8052E+10 bytes
Redo Buffers		   83505152 bytes
Database mounted.

Database altered.

ORA-01109: database not open


Database dismounted.
ORACLE instance shut down.
ORACLE instance started.

Total System Global Area 2,5655E+10 bytes
Fixed Size		    2767776 bytes
Variable Size		 7516193888 bytes
Database Buffers	 1,8052E+10 bytes
Redo Buffers		   83505152 bytes
Database mounted.
Database opened.

1 row updated.


1 row updated.


User altered.


User altered.


User altered.


User altered.


Grant succeeded.


Grant succeeded.


Grant succeeded.


Grant succeeded.


Grant succeeded.


Grant succeeded.


Grant succeeded.


Grant succeeded.


Trigger created.


Trigger created.

Disconnected from Oracle Database 12c Enterprise Edition Release 12.1.0.1.0 - 64bit Production
With the Partitioning, OLAP, Advanced Analytics and Real Application Testing options
Post duplicate complete at Thu Jul 12 11:04:39 MSK 2018
Plugin TSTDB to TSTCDB
