Start duplicate DB at Wed Sep 12 18:00:00 MSK 2018

SQL*Plus: Release 12.1.0.1.0 Production on Wed Sep 12 18:00:00 2018

Copyright (c) 1982, 2013, Oracle.  All rights reserved.

Connected.

    CON_ID CON_NAME			  OPEN MODE  RESTRICTED
---------- ------------------------------ ---------- ----------
	 2 PDB$SEED			  READ ONLY  NO
	 3 PDB_ROOT			  MOUNTED
	 4 TSTDB			  READ WRITE NO

Pluggable database altered.


Pluggable database dropped.


    CON_ID CON_NAME			  OPEN MODE  RESTRICTED
---------- ------------------------------ ---------- ----------
	 2 PDB$SEED			  READ ONLY  NO
	 3 PDB_ROOT			  MOUNTED
Database closed.
Database dismounted.
ORACLE instance shut down.
Disconnected from Oracle Database 12c Enterprise Edition Release 12.1.0.1.0 - 64bit Production
With the Partitioning, OLAP, Advanced Analytics and Real Application Testing options
Prepare complete at Wed Sep 12 18:01:09 MSK 2018

SQL*Plus: Release 12.1.0.1.0 Production on Wed Sep 12 18:01:09 2018

Copyright (c) 1982, 2013, Oracle.  All rights reserved.

Connected to an idle instance.
ORACLE instance started.

Total System Global Area 2,5655E+10 bytes
Fixed Size		    2767776 bytes
Variable Size		 7516193888 bytes
Database Buffers	 1,8052E+10 bytes
Redo Buffers		   83505152 bytes
Disconnected from Oracle Database 12c Enterprise Edition Release 12.1.0.1.0 - 64bit Production
With the Partitioning, OLAP, Advanced Analytics and Real Application Testing options
RMAN> 2> 3> 4> 5> 6> 7> 8> 9> 10> 11> 12> 13> Create duplicate complete at Wed Sep 12 20:24:58 MSK 2018

SQL*Plus: Release 12.1.0.1.0 Production on Wed Sep 12 20:24:58 2018

Copyright (c) 1982, 2013, Oracle.  All rights reserved.

Connected.

System altered.


System altered.


System altered.


User altered.


User altered.


System altered.


System altered.


System altered.

Database closed.
Database dismounted.
ORACLE instance shut down.
ORACLE instance started.

Total System Global Area 2,5655E+10 bytes
Fixed Size		    2767776 bytes
Variable Size		 7516193888 bytes
Database Buffers	 1,8052E+10 bytes
Redo Buffers		   83505152 bytes
Database mounted.

Database altered.

ORA-01109: database not open


Database dismounted.
ORACLE instance shut down.
ORACLE instance started.

Total System Global Area 2,5655E+10 bytes
Fixed Size		    2767776 bytes
Variable Size		 7516193888 bytes
Database Buffers	 1,8052E+10 bytes
Redo Buffers		   83505152 bytes
Database mounted.
Database opened.

Trigger altered.


1 row updated.


1 row updated.


User altered.


User altered.


User altered.


User altered.


Grant succeeded.


Grant succeeded.


Grant succeeded.


Grant succeeded.


Grant succeeded.


Grant succeeded.


Grant succeeded.


Grant succeeded.


Trigger created.


Trigger created.

Disconnected from Oracle Database 12c Enterprise Edition Release 12.1.0.1.0 - 64bit Production
With the Partitioning, OLAP, Advanced Analytics and Real Application Testing options

SQL*Plus: Release 12.1.0.1.0 Production on Wed Sep 12 20:28:56 2018

Copyright (c) 1982, 2013, Oracle.  All rights reserved.


Connected to:
Oracle Database 12c Enterprise Edition Release 12.1.0.1.0 - 64bit Production
With the Partitioning, OLAP, Advanced Analytics and Real Application Testing options

declare
*
ERROR at line 1:
ORA-65090: operation only allowed in a container database
ORA-06512: at line 42
ORA-06512: at line 82
ORA-65090: operation only allowed in a container database


Disconnected from Oracle Database 12c Enterprise Edition Release 12.1.0.1.0 - 64bit Production
With the Partitioning, OLAP, Advanced Analytics and Real Application Testing options
Post duplicate complete at Wed Sep 12 20:28:57 MSK 2018
Plugin TSTDB to TSTCDB

SQL*Plus: Release 12.1.0.1.0 Production on Wed Sep 12 20:28:57 2018

Copyright (c) 1982, 2013, Oracle.  All rights reserved.

Connected.
Database closed.
Database dismounted.
ORACLE instance shut down.
ORACLE instance started.

Total System Global Area 2,5655E+10 bytes
Fixed Size		    2767776 bytes
Variable Size		 7516193888 bytes
Database Buffers	 1,8052E+10 bytes
Redo Buffers		   83505152 bytes
Database mounted.

Database altered.


PL/SQL procedure successfully completed.

Database closed.
Database dismounted.
ORACLE instance shut down.
Disconnected from Oracle Database 12c Enterprise Edition Release 12.1.0.1.0 - 64bit Production
With the Partitioning, OLAP, Advanced Analytics and Real Application Testing options
Apply plugin_to_tstcdb.sql 1 RUN
Apply plugin_to_tstcdb.sql 2 RUN
Plugin complete at Wed Sep 12 21:36:49 MSK 2018
TTS prepare start

SQL*Plus: Release 12.1.0.1.0 Production on Wed Sep 12 21:36:49 2018

Copyright (c) 1982, 2013, Oracle.  All rights reserved.

Connected.

Table created.

Disconnected from Oracle Database 12c Enterprise Edition Release 12.1.0.1.0 - 64bit Production
With the Partitioning, OLAP, Advanced Analytics and Real Application Testing options

SQL*Plus: Release 12.1.0.1.0 Production on Wed Sep 12 21:36:49 2018

Copyright (c) 1982, 2013, Oracle.  All rights reserved.

Connected.

609 rows created.


Commit complete.


Index dropped.


Index dropped.


Index dropped.


Index dropped.


Index dropped.


Table dropped.


Function dropped.


Function dropped.


Type dropped.


Type dropped.


Type dropped.


Type dropped.


Index dropped.


Table altered.


Table altered.


Table altered.


Index dropped.


Table altered.


Table altered.


Table altered.


Index dropped.


Table altered.


Table altered.


Table altered.


Index dropped.


Table altered.


Table altered.


Table altered.


Table altered.


Table altered.


Table altered.


Table altered.


Table altered.


Table altered.


Table altered.


Table altered.


Table altered.


Table altered.


Table altered.


Table altered.


Table altered.


Table altered.


Table altered.


Table altered.


Table altered.


Table altered.


Table altered.


Table altered.


Table altered.


Table altered.


Table altered.


Table altered.


PL/SQL procedure successfully completed.


Directory created.


Database altered.

Disconnected from Oracle Database 12c Enterprise Edition Release 12.1.0.1.0 - 64bit Production
With the Partitioning, OLAP, Advanced Analytics and Real Application Testing options
Prepar TTS complete at Wed Sep 12 21:37:42 MSK 2018
